PfG245782ui3UxlR+JRtWnLt00Ti+WJLfNiqnyd8KDTi695p8zoCfd26qohaVElYhL3sclDta739xwDRYr1WJJnUUtzVtxtfN0xAUvXAfWEmMnw0LQQgMDg=
cQHgGGplGqNP/StDm4T3zt/4242Yog+Y1FQMv6lj2N23iAxpRuYQl1yK2ncIqlWRz9wKnW7yKgyphayJUOI2OTAj
9rzqOwLmA8bkQToxPTZF+vaEJ1eNrSoBhh6IHc/VDwesVF1eWt65kPkuSkoYFZvhkQm2gJ9cU/lIlmdcdNDki7mXkHk3LESdVtL4E/xOskPY3t06j/gC6b5GQsiJgUQ9wBZ+HTAH
PfJGRdJohnrxTGnRc3o93zHe5PvT78cgcdnVP5ldSWWkHx8aHX/Ntemwg0BOVRSlRuRRb28l1JRBTSVcOzqu3ahyWBdPYmB6teI6BHXcVswx70uf6xTkwnFI0YGKejjECXwcMAQ=
TR2UBlcE8Mtg4AHjrIbF5zHe5PvT78cgcdnVP5ldSWW/Hx8aHX/Ntemwg0BOVRSlRuRRb28l1JRBTSVcOzqu3ahyWBdPYmB6teI6BHXcVswx70uf6xTkwnFI0YGKejjECXwcMAQ=
rA4idRMah/vRy9iZ7fHO/yqQgr5PBvfyhwt4H2+KivtkhGg5PImwchiHk4Jk0C21+J48s6qBGOQhhLp8TUeW3r/82LJdkIUhfsJUFNUUKDAw
+DPLvaLsBg+9AYPoXwzBJykfg7V99BhiED4MWyvL4NAOT3mBjHjJ3trEDWZhzSvPnMIqD+gyxR1OVJ0FDgpaxOlNnLFw+iYxMCs=
MxSwv27NncGSITVEgn8IhG3JlUViWNG4ijUMB8odVLff4q52x3S4GgBtqelsUPnG2tw9XY6h4ffcOnqnSFo1hc7M7e2uooq8KXXMWRDSFikwMw==
BwQmGJ6aoleHXzHdhTIESyppy9cvmVEZQ08tZlrmybgZBhoS2M3LiTHhBvgfpOOR6H63BDQINKPZv2BBNxS0tTb6KMu8FmKreLZtyguAtAEeLhIQSdkUFSA+DiUwPw==
ugzP7j0I0PAVL50I03ZEKikFhbdm5hhiED4MWyvL4NAOT3mBjHjJ3trEDWZhzSvPnMIqD+gyxRxPVJ4FDgpaxOlNnLFw+iYxMCs=
SYxyj7RidJbYncb4n9oeDgiDopQaanuHmHFSp8hJf0BQFm3FxvSwP12/1IqFGBqe+RvGa605DEiukRCgabovrsrLxkimktln+E9oyCo3MDE=
18PABAN4TPqn93o5dkApjg+ewy7QctQXm2e4PG6j4S089FFSWkiV6tFhsyP8LnKjWH4dVo4YRkk+JgIoiaGEnUD2Pj0wJw==
le5KeaLjLL/+9Q/edZE3p009y4BfsXEuGi5DFjGezuFAVXmBjHjJ3trEDXVuyTHPnMIqD+gyxRpOVJ4FDgpaxOlNnLFw+iYxMCs=
jWm5kyoMW7D/ptc2uT5TZg6ewy7QctQXm2e4PG6j4S089FFSWkiV6tFhsyP8LnKjWH4dVY4YRkk+JgIoiaGEnUD2Pj0wJw==
N6HgDynVuYwhsNvVvlumRk09y4BfsXEuGi5DFjGfzuFAVXmBjHjJ3trEDXVuyTHPnMIqD+gyxRlOVJ4FDgpaxOlNnLFw+iYxMCs=
aFFOtXDucO7168mkzwk2+ykfg7d6/hliED4MWyvL4NAOT3mBjHjJ3trEDWZhzSvPnMIqD+gyxRZKVJEFDgpaxOlNnLFw+iYxMCs=
OwrdHHspK8aSTT5XfViJ7ER1gNAieg7OHl66783Al+lYYG7Iqu8QOOMju3pjo6wSGmNyRI3sTiz5n+Mag68s4mm46cFS6kBkwSw0MCw=
juSd2rrArGyDgvV2iBnEt19Cv01iAHiF0ia31j4ss6NK3zlRnU+u0oM7Ck5qha//16KvhFdbKz8rgDcVXqiEHzPf04eluJSMkX+Qfx92QzV0loJEPIYCG7hmTbgPcJlRXp7ygMlJtOXgbm4VMA8=
fVXctJ1jIcsyWzndVWldab2z5pxai8NtFnQv2kR/hEMCGeQ8mKJ7iXFEAb60m9ZPXCEgNBsWJ/WH1cMmk3c+Fljl62mF8v93WEZZOdQ9X6i/70zA9hYMaO4xkAApmi6OhWtG6Oay2Ue47+hoahcwEQ==
qeaRydeePZCbYRLxnCz19tJ4EyYSiinTPHl2Ta36SiC+/wXvthtbVVrVoYi0hlxxOX1SBuFD7koL7xio8EjtoSNffDgBCxj7n/LLQeQiaqCc4mqvaJKF+0s0UKWOqprk6a1c0fAaZhEwCw==
tkWavFJBvbKHJt+z5YVpg9J4EyYSii7TPHl2Ta36SiC+/wXvthtbVVrVoYi0hlxxOX1SBuFD7koL7xio8EjtoCNffDgBCxj7n/LLQeQiaqCc4mqvaJKF/kk0UKWOqprk6a1c0fAaZhEwCw==
A1Ms/ETlPqhx0N75/lftn1SmdOxHYiD2vidD1J6Mc+C7LFl3zja/ZLHkSjydZ6HYzxaIcu0wFaGOooRU5TQ4MCA=
wcfVghfp9al5+jyW4ubwLBkg1ohvMgffWlSluprblPNCbBzL4u8HJPoU/2A3tL0HCn5jRI3sTiz5n+0Yg64s4mm46cFS6kBkwSw0MCw=
keYUBCIBqJKqMqRc9C/MCSZ52xnPusrw5/v8Y1c0+diChEgtaPzTEabQvBWHOA/e1rCYWyVsGO8ayIBGdm5jp/gc7CSWlQCcgepoYpxvNtQuZnnLAAs4NAIjMD0=
zU26ZqALMstt5VKsNyyZ0OLtp8vM2q/NTHCZ3o2ZkwSEiFszMjJJ692GiAc3dhpaI/PIm8qgx4wGpvYhZ+hPjnZAGCuFvNi/eviAdhY+o3dYbGzUNsVATGHda1J1uHaEjpb5u6Db+GRiEzAN
SLxESmGjmwRXCv1ZWACACzSJna8VHPzyzgc4Wy3AjeYsjS8rN4jzYA6Hk5Ru7GPgq8wpt56WD+QhhLp8TUeR27//37JdkIUhfsJUFNUUKDAw
M7gzQK4dHvNzu/eYc7WpV4tWJaTam4v04duM6Iy8/xa/jEi61KwTdm3mkw4HgXVd8fjYD7LYsNM0bPNQLtf7qJC0FafCQGnn8EWYiu6Q963c1k11KARYIGFkf6ZaA/q9OVPo4cqY2LuV8PmiMm4lZTzSAyQQFL84pATT+487YUqAygMsW9Ggfgpsi6j2MO4=
qSvnpZLhipCmG7APi1ODtdG70I+EsA6KxURPr7Y22NeMyQs5SvgaglyK2ncIqlWQy9wAm27yKgyphayJUOI2OTAj
O2BIUm6gWAnP9J1oYAX3RzT2+FW7pmre2fVRTaACL1wk9CtgyLQv0xt7daI8uq/0T3HURua8l8BCMFo=
6/6dsdOi9/1cuE8YYl0o4YYgOMJxdxrhIlhu8h+NTGC+iXBoGUarRpQV5kCWqhnPaNeIgNpPMFk=
O7VHYpOt5QXLXUAUs0ICe9wQhTciQTjkAUQa/O2HtdjfNr4yPVDlIR4CNJS11EgwUA==
TIINcQJfZhequP3xKa+ZRjT2+FW7pmre2fVRTaACL1wk9CtgyLQv0x94daI8uq/0T3HURua8l8BCMFo=
J3erWUgWjYUo2kVDzaQdO4YgOMJxdxrhIlhu8h+NTGC+iXBoGUKoRpQV5kCWqhnPaNeIgNpPMFk=
V2jdxDPEm9ErvTPAq92AFe3Gqw31jDM+uon+BXMQWs7wtWUvJQdpky/bDlCkP+wtk6yVAxsnDAn68zVKXpu4hRL0S6BoNI+T/3hVYlw6zzRvcTQGBjw3ACIwOg==
/v5du4hqskd+SeTGZiJ6aMi/MAxwmZ2oNBJexavzaz+nzwE7IEyqB+Ixndy7H3Uf4lW0M3sWsCPWGbyExTzmjAEPUZj7PpKCgeihARraaATZHCwwNA==
