G1oShSeomDWeFDucsWDzRHLt00Ti+WJLfNiqnyd8KDTi695p8zoCfd26qohaVElYhL3sclDta739xwDRYr1WJJnUUtzVtx9ZN0ZCUv/DfWEmMnw0LAQgMCc=
D4Yuf16Ctzoe3HuolI2lnd/4242Yog+Y1FQMv6lj2N23iAxpRuYQl1yK2ncIqlWSydwAn274KQyphayJUOM2OTA8
/0BpD/NM7HDy+u/BcrIGl/aEJ1eNrSoBhh6IHc/VDwesVF1eWt65kPkuSkoYFZvhkQm2gJ9cU/lIlmdcdNDki7mXkHk3LESdVtL4E/xOskPY3t02ifgI675MQciJgUQ9wBd+HTAY
ChuRgmzIwpmy+HWyPMFr5THe5PvT78cgcdnVP5ldSWWkHx8aHX/Ntemwg0BOVRSlRuRRb28l1JRBTSVcOzqu3ahyWBdPYmB6teI6BHXcVswx70eZ6x7mwntL0YGKejjECHwcMBs=
loKoIZDY+SyriDxkFw+G4zHe5PvT78cgcdnVP5ldSWW/Hx8aHX/Ntemwg0BOVRSlRuRRb28l1JRBTSVcOzqu3ahyWBdPYmB6teI6BHXcVswx70eZ6x7mwntL0YGKejjECHwcMBs=
B8AMvFu7P5iQmeqjDDVhZyqQgr5PBvfyhwt4H2+KivtkhGg5PImwchiHk4Jk0C21+J48s6qBGOQhhLp8TUeQ2b/22rJXk4UhfsJUFNQUKDAv
A0+wE+Tj8n+FKtUQ8q8Ie18hMl5ZVeXC/fZMXssyR1KEUB23LsiOUPaojZ32f4/1j842ZfB6eaibjpVi4HcewHm73Mc5AG4WdidpRClcbuGE7aavD558fJaWC0agsbeysJKlpMUn/fqkoI2NdlmapCm0IpxlV+ZZB+YyEs/jjeH2Emx0vKTwMPc=
40fdtPX6vEViQDW4U6LTUA+ewy7QctQXm2e4PG6j4S089FFSWkiV6tFhsyP8LnKjWH4dUogYSEs+LAEoiaGEnUD3Pj0wOA==
2uy5IE2A9PDXrggWrk54bQ6ewy7QctQXm2e4PG6j4S089FFSWkiV6tFhsyP8LnKjWH4dUogYSEs+LAEoiaGEnUD3Pj0wOA==
Z8FX7CpNpg75Rxvvu3KkICkFhbdm5hhiED4MWyvL4NAOT3mBjHjJ3trEDWZhzSvPnMIqD+gyxR5IVJAHDgBZxOlNnLFw+yYxMDQ=
Kwd9owWbDxWyzqvHlOecdSgFhbdm5hhiED4MWyvL4NAOT3mBjHjJ3trEDWZhzSvPnMIqD+gyxR5IVJAHDgBZxOlNnLFw+yYxMDQ=
vrgEPU8gx3kgmsO0PKzXyQ2ewy7QctQXm2e4PG6j4S089FFSWkiV6tFhsyP8LnKjWH4dUogYSEs+LAEoiaGEnUD3Pj0wOA==
7xnb7Dji/fKZJv0VfUqpDysFhbdm5hhiED4MWyvL4NAOT3mBjHjJ3trEDWZhzSvPnMIqD+gyxR5IVJAHDgBZxOlNnLFw+yYxMDQ=
oruEnMOBePyiPKuG2GDe3gyewy7QctQXm2e4PG6j4S089FFSWkiV6tFhsyP8LnKjWH4dUogYSEs+LAEoiaGEnUD3Pj0wOA==
Kb46c4U6L8v/xzBRGeih4Quewy7QctQXm2e4PG6j4S089FFSWkiV6tFhsyP8LnKjWH4dUogYSEs+LAEoiaGEnUD3Pj0wOA==
lEaxy5QFGJhQoicf8hU8EVqx+kifPJNZyHanPHTwpCs591BZNwyE/dZyuDP8LnKjWH4dUogYSEs+LAEoiaGEnUD3Pj0wOA==
G/xdwvMV2eJNRR2SGaO1Glqx+kifPJNZyHKlMnTwpCs591BZNwyE/dZyuDP8LnKjWH4dUogYSEs+LAEoiaGEnUD3Pj0wOA==
f527oL22D6dv7uTAHsarrpdW/wLJQ/Agt/t9Y47JX////zl11i4dZHk0Y7BgFLdDhfjtMqBazScHsZy2jlzuMDowPQ==
LheoLyf0hVJyXJV0yPkDv/i1aVAW2aGmq9DJ3nN8lAJwzHfu0XYfhoMB8dV9aGSXVjgUa2gcvxjqFz9gXIRJ36ZgTf8MVZSC6pDzpdDGsW0MJDxYPVSzbp7DPvV1I7RZbng8IylgdSq27qHtsEK/vHR0G4B49B8zyH8lAsj61de/8YRmdnyGoPIw9Q==
M+uDllPtDLZayJq0zBrXPdG70I+EsA6KxURPr7Y22NeMyQs5SvgaglyK2ncIqlWTz9wAn274KQyphayJUOM2OTA8
pZ3EMOk0z35ilDR1nESCKzT2+FW7pmre2fVRTaACL1wk9CtgyLQv0xh/daI4uqX3T3HURua8lsBCMEU=
hgHjGx4WvCI3G63DrtJCNIYgOMJxdxrhIlhu8h+NTGC+iXBoGUWvRpQR5kqVqhnPaNeIgdpPMEY=
8DavaR60zpu3HKyFglWTZZPKjFYIifd4MjXPYAaO68dmhhLEHUwe7Mm/+BiTxt2is9t5QeJK8KSQzEQwQw==
fPlQ/z42q9lKGnXvdTZKhEXqcONGZCDrpCFDyIaNc+C6Nl930i6+ZLHkSjydZ6Xezx6JcuczFaGOooRU5DQ4MD8=
E2QudxtuY5aH+/wZTbnskzZYmbocCRNhhsC8BadIz262IBjRw9xEBzvYgFdMmCMLAI1stPYlwOyh9Wpytx72bk32+Vvgu3jFIjMwMg==
3g/J2AzYfDDOGFYt1zBk7/TNpx7t3DMpoZTwHmIMQ8W9pW07N1Mv1GfGRlntY+UsmfCeBQEgFDmpoGACTZ+QigT0S6BoNI+T+n5VaVs6xTdvcTQGBjw2ACIwJQ==
Zcpunra6wepUPdmWBgRPLLW8roqfSbPwzeMiE6dMF1lYiayVqC5rLi3soajPijLMlg+bKhfY0rqIrw8OLAEvssC50BrbXUR3XKoaF4gKFXfLvM087hhpLKnlbCnQA3YZMBw=
3EC3mpGqqeEi7dmeLn5UzLW8roqfSbPwzeMiE6dMF1lYiayVqC5rLi3soajPijLMlg+bKhfY0rqIrw8OLAEvssC50BrbXUR3XKoaF4gKFX/KvM087hhpLKnlbCnQA3YZMBw=
aFeDWwyPThXLJrHsRsVtmG+Rx32G/A3DgaUTgPmlZ1WDOCPfgsHNAzgLAEzX2P225WY3uF7qtuWvVB/azqz4lesgdFPjdADzhMQz/zjBzDCemTD4uRKrFjiCplq1+pmfSMfIEXofMBY=
9364e3iuS7Ok+4sOkjj4w0J26/uFUPVmlB3HS+84u6BcUauonp174LImR5e63sak6TTinCXXJlpHanESD2PN4baSrHT8JDAwNw==
sPfTemtNCb3Zxa4lrsbvOhBb/a9WKiPQscxt6Er8RLiushY146MXYhzNdx5AFYjW6zFcezxmwns4ho3bCZDWMN50seDJafRFYM8uNTAw
vB5UdttBHZ1VVbFBXHYewVSmdOxHYiD2pCFDyIaNc+C5Nl930i6+ZLHkSjydZ6bZzxaJcuczFaGOooRU5DQ4MD8=
1oMLqF5WYnleeDdiHaExxkXqcONGZCDrpCFDyIaNc+C5Nl930i6+ZLHkSjydZ6PYzxaJcuczFaGOooRU5DQ4MD8=
3aDaC8lxAPKcvOgminU3OjZYmbocCRNhhsC8BadIz262IBjRw9xEBzvYgFRMmCMLAI1stPYlwOyh9GtytR/2bk32+Vvgu3jFIjMwMg==
Al7iNUX01oFMqQP7q2J4BfTNpx7t3DMpoZTwHmIMQ8W9pW07N1Mv1GfGRlntY+UsmfCeBQEgFDmpoGMCTZ+QigT0S6BoNI+T9HlVa1o6xTdvcTQGBjw2ACIwJQ==
mSIqWgKw6eiXrpZLQzwVwB7FGUAkr/drOI/2/ZH3AMiEjcjuWmxrNfXlpeufM7dE/0beyXXDDfzRsFY1aQDsCdGgmzI1v3i6TDSD8ACUFwNn+836wtptZyex/HYu3A5wGjAd
rIm9EfbHT8FH77Koe4q34m+Rx32G/A3DgaUTgPmlZ1WDOCPfgsHNAzgLAEzX2P225WY3uF7qtuWvVB/azqz4lesgdFPjdADwhMQz/zjBzDCemTD4uReqFjyDplq1+pmfSMfIEXofMBY=
OryWAKjjDEOluX4oV9hjRkJ26/uFUPVmlB3HS+84u6BcUauonp174LEmR5e63sak6TTinCXXKl9HbnASD2PN4baSrHT8JDAwNw==
yBQ1q0CPvOhSG/aR1mpZwREJc9Jw/mbA+qtTGZP0ZC8r0IBcXLADI1BFLHymjWBEMXDu+iS3VsYdPrmTsJNY7TI7MDo=
/CALMXYXP8qYMNLTRi0KzQfdiqd+URW3qWXiMAEBNnbvWu8o7ptKPU3wqFE9IPfq8c9cslAUf7hkBJN7wDmhxsbKSa+b0WD+SmzKKDYwMQ==
qrC0Ci93fI6vBUvVz/AQlWXE4KVjM7fSXB0X7kDm6AargfzrvPYiC/jWre8IoPfhnoTRcEn5VPWgn85FMEA=
10axOgang/BS+rXlpeu9Wfi1aVAW2aGmq9DJ3nN8lAJwzHfu0XYfhoMB8dV9aGSXVjgUa2gcvxjqFz9gXIRJ36ZgTf8MVZSC6pDzpdDGsW0MJDxYPVSzbp7DPvV1I7RZbng8IylgdSq27qHtsEK/vHR0G4B49B8zzn4lCs361de/8YRmdnyGoPIw9Q==
NUZoqLNE/CRPbjjiIWObDtG70I+EsA6KxURPr7Y22NeMyQs5SvgaglyK2ncIqlWVztwImm74KQyphayJUOM2OTA8
