iqU2hTSGHf4eabad21MBBnLt00Ti+WJLfNiqnyd8KDTi695p8zoCfd26qohaVElYhL3sclDta739xwDRYr1WJJnUUtzVtxZeN09HUvrAfWEmMnw0LAQgMCc=
aUX4hN/TQNF6t9FLX2dCh9/4242Yog+Y1FQMv6lj2N23iAxpRuYQl1yK2ncIqlWUy9wImm79KgyphayJUOM2OTA8
F2RJj95VQz18vERIAEzxn/aEJ1eNrSoBhh6IHc/VDwesVF1eWt65kPkuSkoYFZvhkQm2gJ9cU/lIlmdcdNDki7mXkHk3LESdVtL4E/xOskPY3t0xi/gA7r5JQsiJgUQ9wBd+HTAY
K5xvWhr2SUAuuMvyc0pL8zHe5PvT78cgcdnVP5ldSWWkHx8aHX/Ntemwg0BOVRSlRuRRb28l1JRBTSVcOzqu3ahyWBdPYmB6teI6BHXcVswx70Cb6xbjwn5I0YGKejjECHwcMBs=
+GgYXwStt5rblrDawRGbNDHe5PvT78cgcdnVP5ldSWW/Hx8aHX/Ntemwg0BOVRSlRuRRb28l1JRBTSVcOzqu3ahyWBdPYmB6teI6BHXcVswx70Cb6xbjwn5I0YGKejjECHwcMBs=
RZmTn4EhJdn7jS6QpbtlyCqQgr5PBvfyhwt4H2+KivtkhGg5PImwchiHk4Jk0C21+J48s6qBGOQhhLp8TUeR27/+37JSkIUhfsJUFNQUKDAv
9dw4hWwSDUoT0xTuK9n1UQ+ewy7QctQXm2e4PG6j4S089FFSWkiV6tFhsyP8LnKjWH4dW4kYQE4+KQIoiaGEnUD3Pj0wOA==
PliZvxYWZNe/ybdpy03xmU09y4BfsXEuGi5DFjGezuFAVXmBjHjJ3trEDXVuyTHPnMIqD+gyxRdJVJgCDgVaxOlNnLFw+yYxMDQ=
t/DsFw564c0WTTA3B6OBgQ6ewy7QctQXm2e4PG6j4S089FFSWkiV6tFhsyP8LnKjWH4dUIgYQE4+KQIoiaGEnUD3Pj0wOA==
jTyiF7kfOg4Oukq57VJdfE09y4BfsXEuGi5DFjGfzuFAVXmBjHjJ3trEDXVuyTHPnMIqD+gyxRxIVJgCDgVaxOlNnLFw+yYxMDQ=
QJ0G5I7b11up7TJDgCuveSkFhbdm5hhiED4MWyvL4NAOT3mBjHjJ3trEDWZhzSvPnMIqD+gyxRtLVJsCDgVaxOlNnLFw+yYxMDQ=
OWagWyjtqbtBj3wj523OmQiDopQaanuHmHFSp8hJf0BQFm3FxvSwP12/1IqFGBqe+RvGa605DEiukRCgab0rrs/Mxkemktln+E9oySo3MC4=
J6xw80aRl8v7Y6V6ooi2pygFhbdm5hhiED4MWyvL4NAOT3mBjHjJ3trEDWZhzSvPnMIqD+gyxR5IVJsCDgVaxOlNnLFw+yYxMDQ=
kQpuAM1rCTwhWtyrqBJqbG3NjAUqHpXk6zUMB8odVLff47RwxW+qGgBtqelsUPnG2tw9XY6h4ffcOnqnSFo1hsjM6+qurYq8KXXMWRDTFikwLA==
pxwgxSHhF9tG6RCe4v15JCppy9cvmVEZQ08tZlrmybgZBhoS2M3LiTHhBvgfpOOR6H63BDQINKPZv2BBNxS0tTb6KMu8FmKreLZtzA6AswYeIRIQSdkUFSA/DiUwIA==
l/w4oJracDCVKi0/Y4KwZNJ4EyYSii/TPHl2Ta36SiC+/wXvthtaVVrVoYi0hlxxOX1SBuFD7koL7xio8EjtoSNffDgBCxj7n/LLQeQiaqCc4mqvaJKF/U80XqKOpZrk6a1c0fAbZhEwFA==
/JY9RmCFBNuEBuTsaWdT2kp6IHCJwnudgEzIpIIZrwSbZja/qPqmnJaalOO3cENiOnFEmNHdDrh52z4qx6R9A3sbNiYf7dY+mP/TKV7AR3SLdPtA2HS/c+p+RUyterCUn/Gkptb8ZmASMBU=
uf9cMJgSCLrhFHTt4xWZepPKjFYIifd4MjXPYAaO68dmhhLEHUwe7Mm/8hqTx9qitth5QeJK8KSQzEQwQw==
dHpah6kmSwB4DnwrpL8zgJGj0JXRvg7Zg09Prqxh75LAmRB6W/0El1yK2ncIqlWVydwJm279KgyphayJUOM2OTA8
J4vvSqOKp1m798nxGZfMmUXqcONGZCDrpCFDyIaNc+C6Nl930i6+ZLHkSjydZ6HezxiOcuIwFaGOooRU5DQ4MD8=
JZZPHk5aUflrf+rVHj97DylYxq1u/T1iXGNLEnfA4tJIB3+WjHn/msCRAGJ7xTTfnMIqD+gyxRxLVJEDDgVaxOlNnLFw+yYxMDQ=
ZacdFAzXdX8Gi2i88sBPKRk4rfLIGP95lB3HS+84u6BcUauonp174LImR5e63sak6TTinCXXKFtHZ3YSCmDN4baSrHT8JDAwNw==
qOQjjOfArQCbp5/C3IfGblHdzoRKPijJgj4ercZIKV1fHH/C3sS4bVuo1IuzXADL9AzTZ6gpDEiukRCgabworsXNxkemktln+E9oySo3MC4=
eTab6CGGkraRuyHUMbe7Q1WK37trHQb06yr+NBkZcjHxU+k0rZBKPU3wqFE9IPTq8c9cslAUf7hkBJN7yz6hysDKTKyb0WD+SmzKKDYwMQ==
uHQDVzwKXdyogs8m6xfZxnNmemla79G7cjou1JiffnxWY5JyyTtzDgfc2s6oW0dK/KVHBkANuL4LGQyDfN4SE5gu/UuLCCGafpjiWAkRJG0AJx4tMCg=
m8grqCOH2QqMrlg3KM3mJ3Me0b5aCk5hjozpAadIz262IBjRw9xEBzvYgFdMmCMLAI1stPYlwOyh+GhytRz2ak72+Vvgu3jFIjMwMg==
oISOk57Z0RZBl6zimf1BmHcMirUv+ThiXGNLEnfA4tJIB3+WjHn/msCRAGJ7xTTfnMIqD+gyxRZIVJkGDgRaxOlNnLFw+yYxMDQ=
Y8bSZaTKSHDETecUQCkVVUk25Y1aXghnnMC8BadIz262IBjRw9xEBzvYgFdMmCMLAI1stPYlwOyh+2pytBz2ak72+Vvgu3jFIjMwMg==
wlpl6z1BBDMjhr+5GOQLXlQKcIDdzP7BafNBZFXQkg1lENBBNSD8+gmvdIII1AdozKQLC0C5KXJdKiV8I5G4jqJM8jg+MDk=
R2rFqROATzNlOPUlrxYxohEJc9Jw/mbA+qtTGZP0ZC8r0IBfXLADI1BFLHymjWBEMXDo+iS0VsIePrmTsJNY7TI7MDo=
3gAEDjbl/Egfdhs26NPAtUXqcONGZCDrpCFDyIaNc+C6Nl930i6+ZLHkSjydZ6HbzxuLcuMwFaGOooRU5DQ4MD8=
5BsyAGC5pQgvnXAUyn7Nan8qhZB7i1skUnprfXzh07pRQh4S2N/cgmv7CrYct+OW52SqBmgTd7LcvVcOQAWopivhPMu8FmKreLZtwg+AtQIeIBIQSdkUFSA/DiUwIA==
27mssxjmIgoPYA3lsJISs2Uljg7JtZjw6+DUN1An0IiPhF0ibeqHXOaW9hGHOA/e1rCYQSNsBPcbyIBHbGhju+Ad7CSWlQCcgelqYpBsNtouZnnLAAs4NQIjMCI=
B7jAmNp6v6wKPtpZn16zh2CuZpoa78BU9p8/JqmY9BZuHF/d2YWJA0tj45wjBoIRoZNZVD0QOp2dsJixLSDkisEPDBKglO9Y1ERDW7A/kaYVCj0MC1HQHhosOggmMCE=
vl9ECU61p10j1pG4Nn5dlkJ26/uFUPVmlB3HS+84u6BcUauonp174LImR5e63sak6TTinCXXLllHaXMSC2DN4baSrHT8JDAwNw==
kzLLDczEAYWqqy0wUlA3zRBb/a9WKiPQscxt6Er8RLiushY146MXYhzNdx5AFYjW6zFcezxmwns4ho3eDpDXMt5wsuDJafRFYM8uNTAw
9GFYhHxzeS/SV7k8WkkoOZGj0JXRvg7Zg09Prqxh75LAmRB6W/0El1yK2ncIqlWRydwLn278KgyphayJUOM2OTA8
xTlKOqAvP8rfXqocZDG1DPi1aVAW2aGmq9XJ3nN8lAJwzHfu0XYfhoMB8dV9aGSXVjgUa2gcvxjqFz9gXIRJ36ZgTf8MVZSC6pDzpdDGsW0MJDxYPVSzbp7DPvV1I7RZbng8IylgdSq27qHtsEK/vHR0G4B49B8zzHolDsj60dS/8YRmdnyGoPIw9Q==
CFsRj2CSSojdv/fVwiz07NG70I+EsA6KxURPr7Y22NeMyQs5SvgaglyK2ncIqlWUytwMn278KgyphayJUOM2OTA8
sv6AIA4n8FM4sGtHv24e9TT2+FW7pmre2fVRTaACL1wk9CtgyLQv0x96da44uqH0T3HURua8lsBCMEU=
CPl3rVsNCEavdYLymBXfwoYgOMJxdxrhIlhu8h+NTGC+iXBoGUKqRpgR5k6WqhnPaNeIgdpPMEY=
Xd8kRbYblXofJ9cg3FTrF409dukKSLoS3Bo6B8j6daLI7CxPLgxKnCkVDDmQs9ZJMEw=
BP1+4TFfS4J+nGkrOOB5sFqx+kifPJNZyHKlMnTwpCs591BZNwyE/dZyuDP8LnKjWH4dVogYREs+KAIoiaGEnUD3Pj0wOA==
scwfAVkshn7Y7FTRUtRkFFqx+kifPJNZyHanPHTwpCs591BZNwyE/dZyuDP8LnKjWH4dVogYREs+KAIoiaGEnUD3Pj0wOA==
bXKhsykRRC+4N1QUOIi0xNG70I+EsA6KxURPr7Y22JWNzRY5SvgaglyK2ncIqlWSyNwMn278KgyphayJUOM2OTA8
oqYFZGxizoJI0t2WLh+se9wQhTciQTjkAUQa/O2HsNrfObkyM1DlIR4CNJS01EgwTw==
4JPE0/Rq8KkGpuOrmDEwaDT2+FW7pmre2fVRTaACL1wk9CtgyLQv0xp6da07uqH0T3HURua8lsBCMEU=
ChtQo0KZmrzJKEAt9dTmuIYgOMJxdxrhIlhu8h+NTGC+iXBoGUeqRpsS5k6WqhnPaNeIgdpPMEY=
7sHjL6f30hT2eTckg1qOMe3Gqw31jDM+uon+BXMQWs7wtWUvJQdpky/bDlCkP+wtk6yVAxsnDAn68zVKXpu4hRL0S6BoNI+T+npVbVs6wTRvcTQGBjw2ACIwJQ==
KOJLpmK0IC7Gcu2y1V4+iMi/MAxwmZ2oNBJexavzaz+nzwE7IEyqB+Ixndy7H3Uf4lW0M3sWsCPWGbyExTzmjAEPVJr7MZWCj+ihARraaATYHCwwKw==
