GDgaMKak/94UOBb5iQGHhXLt00Ti+WJLfNiqnyd8KDTi695p8zoCfd26qohaVElYhL3sclDta739xwDRYr1WJJnUUtzVtxleN0dGUvTAfWEmMnw0LAQgMCc=
R3238zk3O4JE7X1UcHMk+t/4242Yog+Y1FQMv6lj2N23iAxpRuYQl1yK2ncIqlWfztwBm27zKgyphayJUOM2OTA8
BbegHxta7gCZdPKoiNJDUvaEJ1eNrSoBhh6IHc/VDwesVF1eWt65kPkuSkoYFZvhkQm2gJ9cU/lIlmdcdNDki7mXkHk3LESdVtL4E/xOskPY3t07jvgJ775HQsiJgUQ9wBd+HTAY
vbSYVIVmywGC6/OCsEIzeTHe5PvT78cgcdnVP5ldSWWkHx8aHX/Ntemwg0BOVRSlRuRRb28l1JRBTSVcOzqu3ahyWBdPYmB6teI6BHXcVswx70qe6x/iwnBI0YGKejjECHwcMBs=
LKwk3kMkGPkrUgL8yPCUFDHe5PvT78cgcdnVP5ldSWW/Hx8aHX/Ntemwg0BOVRSlRuRRb28l1JRBTSVcOzqu3ahyWBdPYmB6teI6BHXcVswx70qe6x/iwnBI0YGKejjECHwcMBs=
XnrvhlOZYb+FgxfElKrCaCqQgr5PBvfyhwt4H2+KivtkhGg5PImwchiHk4Jk0C21+J48s6qBGOQhhLp8TUeV27/23rJckIUhfsJUFNQUKDAv
Se9peZwvczg6RVfDrfhIdl8hMl5ZVeXC/fRMXssyR1KEUB23LsiOUPaojZ32f4/1j842ZfB6eaibjpVi4HcewHm73Mc5AG4WdidpRClcbuGE7aavD558fJaWC0agsbeysJKlpMUn/fqkoI2NdlmapCm0IpxlV+tbB+Y2EsTgjeH2Emx0vKTwMPc=
X2AIkpATR+j4SJ1W0mNZzQ+ewy7QctQXm2e4PG6j4S089FFSWkiV6tFhsyP8LnKjWH4dVosYSE8+JwIoiaGEnUD3Pj0wOA==
L2DE/gLUf0B+w0RwptTGGQ6ewy7QctQXm2e4PG6j4S089FFSWkiV6tFhsyP8LnKjWH4dVosYSE8+JwIoiaGEnUD3Pj0wOA==
EV8pIzty1jC6BACZijenDykFhbdm5hhiED4MWyvL4NAOT3mBjHjJ3trEDWZhzSvPnMIqD+gyxRpLVJADDgtaxOlNnLFw+yYxMDQ=
7E8+ZryA0jUHtjX0Ujai+igFhbdm5hhiED4MWyvL4NAOT3mBjHjJ3trEDWZhzSvPnMIqD+gyxRpLVJADDgtaxOlNnLFw+yYxMDQ=
g5odOAohnjoNYVVPYKz1ilqx+kifPJNZyHanPHTwpCs591BZNwyE/dZyuDP8LnKjWH4dVosYSE8+JwIoiaGEnUD3Pj0wOA==
jEOj3Ks7B3TxXn8pVODYo1qx+kifPJNZyHKlMnTwpCs591BZNwyE/dZyuDP8LnKjWH4dVosYSE8+JwIoiaGEnUD3Pj0wOA==
aXEFXU7FZH63iBO361UmV5dW/wLJQ/Agt/t9Y47JX////zl11i4dZHk0Y7BgFLdDgfvtMqRaxiQHsZy2jlzuMDowPQ==
jrVvNApbVvi4UIkTm/a4G/i1aVAW2aGmq9bJ3nN8lAJwzHfu0XYfhoMB8dV9aGSXVjgUa2gcvxjqFz9gXIRJ36ZgTf8MVZSC6pDzpdDGsW0MJDxYPVSzbp7DPvV1I7RZbng8IylgdSq27qHtsEK/vHR0G4B49B8zyXklAsz63tS/8YRmdnyGoPIw9Q==
bajlmMxfKloAIKQvai0339G70I+EsA6KxURPr7Y22NeMyQs5SvgaglyK2ncIqlWSydwAm27zKgyphayJUOM2OTA8
r5bQD42rh1T2o/AWX3z5KTT2+FW7pmre2fVRTaACL1wk9CtgyLQv0xl5daI8uq70T3HURua8lsBCMEU=
8/8hA2X8oQ+ZkxLNo9YF5oYgOMJxdxrhIlhu8h+NTGC+iXBoGUSpRpQV5kGWqhnPaNeIgdpPMEY=
s8mMpzVcl3JDQntAE8RiySppy9cvmVEZQ08tZlrmybgZBhoS2M3LiTHhBvgfpOOR6H63BDQINKPZv2BBNxS0tTb6KMu8FmKreLZtzwuAtgIeLhIQSdkUFSA/DiUwIA==
84TqvcfibNK/JuYQWP3whQ2ewy7QctQXm2e4PG6j4S089FFSWkiV6tFhsyP8LnKjWH4dUogYRko+JgIoiaGEnUD3Pj0wOA==
fqHE+ISRGFeFWkIYztkMS009y4BfsXEuGi5DFjGczuFAVXmBjHjJ3trEDXVuyTHPnMIqD+gyxR5IVJ4GDgpaxOlNnLFw+yYxMDQ=
u4BjeVQPxDU+z+VdD3dFd0p6IHCJwn+egEzIpIIZrwSbZja/qPqmnJaalOO3cENiOnFEmNHdDrh52z4qx6R9A3gbNiYf7dY+mP/TKV7AR3SLdPtA2HS/c+5/RUyper+Un/Gkptb8ZmASMBU=
oUR1NthgUSSlEapHKCWfXM0P9AfaS+ww8qZ2dYmATMmxoHhylT8Yemw0Y7BgFLdDjPjtOKBaxyQHsZy2jlzuMDowPQ==
Zok+BepeglxIHkd3kmd9qEXqcONGZCD2pCFDyIaNc+C6Nl930i6+ZLHkSjydZ6HfzxyKcu0wFaGOooRU5DQ4MD8=
JlCotZyA6crEYIeKIV2JxUXqcONGZCD2pCFDyIaNc+C6Nl930i6+ZLHkSjydZ6/bzxuKcu0wFaGOooRU5DQ4MD8=
Jvjdr9UQl0ZXmhBmCnABTxwcL55eBtrdPTD4cQ0gxMohj6zSwJTPGDTE45vfOrHn9IqTzGtR8F76rJrIRjBB
WevlqRCiP0HhKwbHF5T3DUXqcONGZCD2pCFDyIaNc+C6Nl930i6+ZLHkSjydZ6LZzxuKcu0wFaGOooRU5DQ4MD8=
P4QfnbzVl5ulYBkoYTWKo2XE4KV+M7fSXB0X7kDl6AargfzrvPYiC/jWrewPoPXjno7ScEn5VPWgn85FMEA=
KXegzDWavrS/5gE7AQLi2EXqcONGZCD2pCFDyIaNc+C6Nl930i6+ZLHkSjydZ6PezxqKcu0wFaGOooRU5DQ4MD8=
+Ld7y4kW/dI0+cjP3VMU0BwcL55eBtrdPTD4cQ0gxMohj6zSwJTPGDTE45vRPrHm9IqTzGtR8F76rJrIRjBB
9K+/hPgXlGelDizNykkRUkXqcONGZCD2pCFDyIaNc+C6Nl930i6+ZLHkSjydZ6TbzxmKcu0wFaGOooRU5DQ4MD8=
UBx9IqsqOcswzIIzaJPPiGXqcONGZCD2pCFDyIaNc+C6Nl930i6+ZLHkSjydZ6/azxmKcu0wFaGOooRU5DQ4MD8=
N0HoLgOMh+mfdgRHJAiMkj4U+RJa3rqcqLuXuwLP7rUrQPSzo1QA08Qks5/44cwQXvmwGPk3qTZ7YSYwdtqZv4inSPE6PzA2
s0XjG++brPYyJerDidqlQUbTjmFjjIRX26iAJ6zI41ugPewEVvWAPMEOa4LSzba07kZ560DruJXCQzBC
+Otbt3PyOrqBYiky15fZoxwcL55eBtrdPTD4cQ0gxMohj6zSwJTPGDTE45vcOrHk9IqTzGtR8F76rJrIRjBB
dsNfIPElC+0i3YZGVE4D/UXqcONGZCD2pCFDyIaNc+C6Nl930i6+ZLHkSjydZ6bZzxiKcu0wFaGOooRU5DQ4MD8=
mLBNUxMZjpmZ0Zg5yrukG0bTjmFjjIRX26iAJ6zI41ugPewEVvWAPMEFaYLSzba07kZ560DruJXCQzBC
8G+7E4MQ+8TILyF0Ft7RZlSmdOxHYiD2pCFDyIaNc+C6Nl930i6+ZLHkSjydZ6HezxiKcu0wFaGOooRU5DQ4MD8=
Ii40Njq+t7WZRJ3FEwSZTBkg1ohvMgffWlSluprblPNCbBzL+OkHOOIV/2A2rrsHFmZiRI3sTiz5n+0eg6Au4mm46cFS6kBkwCw0MDM=
M1H3ROk1oFYiJD+6I6+uVmK0doAe7cQR7ZgfMaObtQV1NA/Q2ZCGBl03rtxlTIYRoZNZVD0QOp2dsJixLSDkisEPDBKglO9Y1ERDW78+kaQUCjMMC1HQHhosOggmMCE=
vtmMgZ9lAwrN5+ZdggX7Z20EnqYvsmIkFmdLEnfA4tJIB3+WjHn/msCRAGJ7xTTfnMIqD+gyxRZLVJEHDgpaxOlNnLFw+yYxMDQ=
mTpYWkAQsaPN6FTXMDPF9mK0doAe7cQR7ZgfMaObtQV1NA/Q2ZCGBl03rtxlTIYRoZNZVD0QOp2dsJixLSDkisEPDBKglO9Y1ERDW7E7kasUCjMMC1HQHhosOggmMCE=
0hH1bmwSvs2JzlGXm7oZAG0EnqYvsmIkFmdLEnfA4tJIB3+WjHn/msCRAGJ7xTTfnMIqD+gyxR5JVJEHDgpaxOlNnLFw+yYxMDQ=
sKRSq976HZ7RbeSaAnr5fFI46LXJGrMskB3HS+84u6BcUauonp174LImR5e63sak6TTinCXXK1lHZ3ISBWDN4baSrHT8JDAwNw==
D4vi7R4yz+/hOoZmm+JUmFQKcIDdzP7BafNBZFXQkg1lENBBNSD8+gmvdIII1AdozKQLC0m5KXtcKit8I5G4jqJM8jg+MDk=
q5vtZ+laGIktjiipLOqG6EXqcONGZCDrpCFDyIaNc+C6Nl930i6+ZLHkSjydZ6TYzxeKcu0wFaGOooRU5DQ4MD8=
Kp86HVmfDwwwMlZKORQAoUBIPI034G/G5uhYGZP0ZC8r0IBfXLADI1BFLHymjWBEMX3v+i21VswePrmTsJNY7TI7MDo=
pAUrhE4SbcPl1wOSHcrtRUFzl9FjJkLfFFj37NTVm/tDYF/A+OkHOOIV/2A2rrsHFmZiRI3sTiz5n+seg64u4mm46cFS6kBkwCw0MDM=
k7A+VC1RKstKcowGSb+pAmUljg7JtZjw6+DUN1An0IiPhF0ibeqHXOaW9hGHOA/e1rCYQSNsBPcbyIBHbGhju+Ad7CSWlQCcge9rYpVuNtQuZnnLAAs4NQIjMCI=
ex+MdkKVFuaiiwzGHLPZ52miZpoa78BU9p8/JqmY9BZuHF/d2YWJA0tj45wjBoIRoZNZVD0QOp2dsJixLSDkisEPDBKglO9Y1ERDW7g5kaMXCjMMC1HQHhosOggmMCE=
8LIU27LA6JlbmPQVbuOMB5Gj0JXRvg7Zg09Prqxh75LAmRB6W/0El1yK2ncIqlWXztwJnG7yKgyphayJUOM2OTA8
ua0+0GhkZfCZIdbGKWmYkEXqcONGZCDrpCFDyIaNc+C6Nl930i6+ZLHkSjydZ6TbzxqJcu0wFaGOooRU5DQ4MD8=
1UWkj9H7nv2IoQWii4iqdqa+mXFV0emwUkwI5biUc/k2WDydF9CvtgZ42InzBCQfC8CAT3yAQ9Mw1azsRv2gdBFl6eoAhpa8/q45A9BjGN0SKzAq
cnX08eaflgCPK7s1g/BrEkpkJH2bwH6ZnVKJ9N5L+ELWGmz0/42on8fIwPmzRhFpKjBUnN2TX/R3xlY53aNVTClwDmVR4MQZ2aCQIh3fQGqUdPtA2HS/c+p+RU2rer+Un/Gkptb8ZmASMBU=
lZW3rDd6eTqyIDWjSrzj1DSJna8VHPzyzgc4Wy3AjeYsjS8rN4jzYBSBk4h27WPgqtYvt4KODuQhhLp8TUeU2L/42bJdkIUhfsJUFNQUKDAv
6W/BH7C3AsdRuIXLhsDFNhBb/a9WKiPQscxt6Er8RLiushY146MXYhzNdx5AFYjW6zFcezxmwns4ho3TCZDZMN5+suDJafRFYM8uNTAw
RWvgBEm4FuW3EZCjJA4fQPi1aVAW2aGmq9bJ3nN8lAJwzHfu0XYfhoMB8dV9aGSXVjgUa2gcvxjqFz9gXIRJ36ZgTf8MVZSC6pDzpdDGsW0MJDxYPVSzbp7DPvV1I7RZbng8IylgdSq27qHtsEK/vHR0G4B49B8zz3glC83639S/8YRmdnyGoPIw9Q==
k15tKJKGQdo4axx9WRziBdG70I+EsA6KxURPr7Y22NeMyQs5SvgaglyK2ncIqlWUyNwJmm7yKgyphayJUOM2OTA8
