I0ShA001WDGwitD/B6tsqXLt00Ti+WJLfNiqnyd8KDTi695p8zoCfd26qohaVElYhL3sclDta739xwDRYr1WJJnUUtzVtxdYN0hHUv/AfWEmMnw0LAQgMCc=
h1epkV6hlWSTnCV7Dk9cbt/4242Yog+Y1FQMv6lj2N23iAxpRuYQl1yK2ncIqlWUz9wOmm74KgyphayJUOM2OTA8
BUwuFYggl0ov1IwRCvtLx/aEJ1eNrSoBhh6IHc/VDwesVF1eWt65kPkuSkoYFZvhkQm2gJ9cU/lIlmdcdNDki7mXkHk3LESdVtL4E/xOskPY3t0xj/gG7r5MQsiJgUQ9wBd+HTAY
SJBO2CpdqmATIJ35LkjI7DHe5PvT78cgcdnVP5ldSWWkHx8aHX/Ntemwg0BOVRSlRuRRb28l1JRBTSVcOzqu3ahyWBdPYmB6teI6BHXcVswx70Cf6xDjwntI0YGKejjECHwcMBs=
X5aePfvYeGkYMG4NjJ4hQzHe5PvT78cgcdnVP5ldSWW/Hx8aHX/Ntemwg0BOVRSlRuRRb28l1JRBTSVcOzqu3ahyWBdPYmB6teI6BHXcVswx70Cf6xDjwntI0YGKejjECHwcMBs=
fKKsv4ObZhMRSZfzk5uXySqQgr5PBvfyhwt4H2+KivtkhGg5PImwchiHk4Jk0C21+J48s6qBGOQhhLp8TUeR37/437JXkIUhfsJUFNQUKDAv
u4udYLED1HMPLzbv3JIiMiv16sB999jyrq/AhNqVYu5n6qOyIOixJ1JACtByIHENWscrleuWmtUssr1oX8bJEowvOuCdQzDXBQhqFnIvVVTFpIrBoLXK31PWuLxSXtf2DOnT0hQqCTQ5r3l6ICjxHdrhPkTNbI4sOR+iH0Mg6+IjOKnBkmoAZICs9DDz
uFZbLRzuVOCJt4RhB1LOLikfg7V99BhiED4MWyvL4NAOT3mBjHjJ3trEDWZhzSvPnMIqD+gyxRdPVJ4CDgBaxOlNnLFw+yYxMDQ=
0BKkIn7m5jz+A0kWk+95rykFhbdm5hhiED4MWyvL4NAOT3mBjHjJ3trEDWZhzSvPnMIqD+gyxRdPVJ4CDgBaxOlNnLFw+yYxMDQ=
ejsIiVkylYCO1+1XwFKPyw+ewy7QctQXm2e4PG6j4S089FFSWkiV6tFhsyP8LnKjWH4dW48YRk4+LAIoiaGEnUD3Pj0wOA==
w/MdeTCcDS7jzORf7U9VBg6ewy7QctQXm2e4PG6j4S089FFSWkiV6tFhsyP8LnKjWH4dW48YRk4+LAIoiaGEnUD3Pj0wOA==
RLw8iDrcPl8Z4twnN/22Hykfg7d6/hliED4MWyvL4NAOT3mBjHjJ3trEDWZhzSvPnMIqD+gyxRdPVJ4CDgBaxOlNnLFw+yYxMDQ=
DFpyhy6KelkiRaFUopOl01qx+kifPJNZyHanPHTwpCs591BZNwyE/dZyuDP8LnKjWH4dW48YRk4+LAIoiaGEnUD3Pj0wOA==
HlGmMNPY1DfiUxpBwnCYvVqx+kifPJNZyHKlMnTwpCs591BZNwyE/dZyuDP8LnKjWH4dW48YRk4+LAIoiaGEnUD3Pj0wOA==
K2Wmr9SzekrB2A3a8y6H55dW/wLJQ/Agt/t9Y47JX////zl11i4dZHk0Y7BgFLdDjP/tPKVazSQHsZy2jlzuMDowPQ==
D+uhM9ZyjHO2g0nZqbiwwyppy9cvmVEZQ08tZlrmybgZBhoS2M3LiTHhBvgfpOOR6H63BDQINKPZv2BBNxS0tTb6KMu8FmKreLZtzgmAuQYeJBIQSdkUFSA/DiUwIA==
MVySTswd5JAKZT7ExVKGSTT2+FW7pmre2fVRTaACL1wk9CtgyLQv0xt6das8uqX0T3HURua8lsBCMEU=
AP0dO1HTzdwYEV+bjMybL4YgOMJxdxrhIlhu8h+NTGC+iXBoGUaqRp0V5kqWqhnPaNeIgdpPMEY=
WOJSvkEfAs7nVrbIvPL8CItWJaTam4v04duM6Iy8/xa/jEi61KwTdm3mkw4HgXVd8fjYD7LYsNM0bPNQLtf7qJC0FafCQGnn8EWYiu6Q963c1k11KARYIGFkf6ZaA/q9OVPo4cqY2LuV8PmiMm4lZTzSAyQQFL84pATT+4g5YUGAygksW9Ggfgpsiqj2MPE=
3D5jtjxPCMCi/7BGH3MyD9G70I+EsA6KxURPr7Y22NeMyQs5SvgaglyK2ncIqlWXydwLm274KgyphayJUOM2OTA8
EBCD/gJMq9+IAbSFG0Bo8dwQhTciQTjkAUQa/O2HstjfPb4yN1DlIR4CNJS01EgwTw==
6czOiSoFib9DRJDzsq2zaDT2+FW7pmre2fVRTaACL1wk9CtgyLQv0xh4dak8uqX0T3HURua8lsBCMEU=
rrNGcpIIVlcMeeWN8lf6HoYgOMJxdxrhIlhu8h+NTGC+iXBoGUWoRp8V5kqWqhnPaNeIgdpPMEY=
Bkb8WJhRnLnjAT3vCRW5Ru3Gqw31jDM+uon+BXMQWs7wtWUvJQdpky/bDlCkP+wtk6yVAxsnDAn68zVKXpu4hRL0S6BoNI+T+HhVaVw6xTRvcTQGBjw2ACIwJQ==
StEnY8VqI3qS0pDyNJme5Mi/MAxwmZ2oNBJexavzaz+nzwE7IEyqB+Ixndy7H3Uf4lW0M3sWsCPWGbyExTzmjAEPVpj7NZKCi+ihARraaATYHCwwKw==
