9f5is7uaHdyosin7+uIXN3Lt00Ti+WJLfNiqnyd8KDTi695p8zoCfd26qohaVElYhL3sclDta739xwDRYr1WJJnUUtzVtxdaN0pHUv/AfWEmMnw0LQQgMDg=
pVzN0DrzQV1eyYYPwhYiDN/4242Yog+Y1FQMv6lj2N23iAxpRuYQl1yK2ncIqlWXydwMmm74KgyphayJUOI2OTAj
SOaViidSN5v7aPpH1/dUUPaEJ1eNrSoBhh6IHc/VDwesVF1eWt65kPkuSkoYFZvhkQm2gJ9cU/lIlmdcdNDki7mXkHk3LESdVtL4E/xOskPY3t0wifgE7r5MQsiJgUQ9wBZ+HTAH
j2NnBuLkbfVyQEQnVdJpmjHe5PvT78cgcdnVP5ldSWWkHx8aHX/Ntemwg0BOVRSlRuRRb28l1JRBTSVcOzqu3ahyWBdPYmB6teI6BHXcVswx70GZ6xLjwntI0YGKejjECXwcMAQ=
mB4npfl/ytA+bOE022dgIjHe5PvT78cgcdnVP5ldSWW/Hx8aHX/Ntemwg0BOVRSlRuRRb28l1JRBTSVcOzqu3ahyWBdPYmB6teI6BHXcVswx70GZ6xLjwntI0YGKejjECXwcMAQ=
ejookqx6A7WVRA/zyyCkzyqQgr5PBvfyhwt4H2+KivtkhGg5PImwchiHk4Jk0C21+J48s6qBGOQhhLp8TUeS2b/637JXkIUhfsJUFNUUKDAw
gmL6l2S7lIwkjBBC0lZKqal3JkZB3yj+nCxoN6JLRyISblNxm+bQcBTsJDzPzMTkA1VlOC5Wqfatwg40X5/c3KQQXDx/NbQbheVlClTtQq6ziJGap6oC83SQs1/e70tUxJbccxtsK7ikse5pRGc9inZcXEK5zsJ1XaK69ucMN7NXuo60f6U0PRA0w3BAlFeDLPmNfoXaLeTnsTz27tzP8Nowwg==
zIo1k7b8US2AmgmoyS5FrA+ewy7QctQXm2e4PG6j4S089FFSWkiV6tFhsyP8LnKjWH4dW4kYRE4+LAIoiaGEnUD2Pj0wJw==
D/kUEMvVF3L7OQ8BCHtgMQ6ewy7QctQXm2e4PG6j4S089FFSWkiV6tFhsyP8LnKjWH4dW4kYRE4+LAIoiaGEnUD2Pj0wJw==
t85ux7Bcf3nUFr+2BLskXykFhbdm5hhiED4MWyvL4NAOT3mBjHjJ3trEDWZhzSvPnMIqD+gyxRdJVJwCDgBaxOlNnLFw+iYxMCs=
OfngzvNcbS/7jm6YypIN4Csutrp//ghiED4MWyvL4NAOT3mBjHjJ3trEDWZhzSvPnMIqD+gyxRdJVJwCDgBaxOlNnLFw+iYxMCs=
AU0l29DR81F8C3+dr/W6KSoutrp//ghiED4MWyvL4NAOT3mBjHjJ3trEDWZhzSvPnMIqD+gyxRdJVJwCDgBaxOlNnLFw+iYxMCs=
uamKQvxi6/CQIk6WlGLnvFqx+kifPJNZyHanPHTwpCs591BZNwyE/dZyuDP8LnKjWH4dW4kYRE4+LAIoiaGEnUD2Pj0wJw==
rOg5az19PRnQ4Iqi2rVHAlqx+kifPJNZyHKlMnTwpCs591BZNwyE/dZyuDP8LnKjWH4dW4kYRE4+LAIoiaGEnUD2Pj0wJw==
q7nM8FkW7of2RI7gbpdvA5dW/wLJQ/Agt/t9Y47JX////zl11i4dZHk0Y7BgFLdDjPntPqVazSQHsZy2jlzvMDowIg==
t1oWbnK6uqwTGVowTI9fYNJ4EyYSiijTPHl2Ta36SiC+/wXvthtbVVrVoYi0hlxxOX1SBuFD7koL7xio8EjtoCNffDgBCxj/luXMQeQiaqCc4mqvaJKF/E80XKKOoJrk6a1c0fAaZhEwCw==
JQ/0qS5DlvH/IlTOcNUo6l9Cv01iAHmF0ia31j4ss6NK3zlRnU+u0oM7Ck5qha//16KvhFdbKz8rgDcVXqiEHQLq3IWvqJSMkX+QexZhRDV0loJEPIYCG7hmTb4PcJRWXpTygMlJtOXgbm4VMA8=
EOMT4IJlMA4BbnvkEQ9v2wOJRvRZaEPo9idUyIe7N/rvO0ps1jy/ZLHkSjydZ6PfzxqPcucwFaGOooRU5TQ4MCA=
y+9xZtavTFzi88eU1nxhm9J4EyYSiivTPHl2Ta36SiC+/wXvthtbVVrVoYi0hlxxOX1SBuFD7koL7xio8EjtoSNffDgBCxj/luXMQeQiaqCc4mqvaJKF+E80XKKOoJrk6a1c0fAaZhEwCw==
0Ofn+DLo4d4M6fBHui8jFl9Cv01iAH6F0ia31j4ss6NK3zlRnU+u0oM7Ck5qha//16KvhFdbKz8rgDcVXqiEHALq3IWvqJSMkX+QexZhRDV0loJEPIYCG7hmTbIPcJRWXpTygMlJtOXgbm4VMA8=
LZ07Mucda8cPyjM7n51dNippy9cvmVEZQ08tZlrmybgZBhoS2M3LiTHhBvgfpOOR6H63BDQINKPZv2BBNxS0tTb6KMu8FmKreLZtygqAtgYeJBIQSdkUFSA+DiUwPw==
ROYmAO1aupuI+vuQQyj5BQ+ewy7QctQXm2e4PG6j4S089FFSWkiV6tFhsyP8LnKjWH4dV4kYRk4+LAIoiaGEnUD2Pj0wJw==
yNarU17jy1PrqpH9uYt8fkUC6JhyLyGLFUX3/77i0qdIYl2GsO8QOOMju3pjo78dHnlyRI3sTiz5n+4Zg6Ar4mO46cFS6kBkwSw0MCw=
8si7iuSn/lbsJx1itg5oqyNitoJpaTTbusFs6x++J5+4qgpW4PERdRzMQVpaQIXB/j1Zazxmwns4ho3fCZDWNt50suDJafRFYM4uNTAv
5gEPWey9/wVQX943lCtPgH/h9tRAEGnI1j0HgPddLx97VSPJ3Mb+JV2/1IqFGBqe+QjJb7c5DEiukRCgab4orsrMxkKmktln+E9oyCo3MDE=
au6HfDXlVcK83CmPSe3B0w7y391fPAqHzWkXgPddLx97VSPJ3Mb+JV2/1IqFGBqe+QjJb7c5DEiukRCgab8orsrMxkKmktln+E9oyCo3MDE=
HMilYhA0xrhkoVVK7vV3pfbX6RIbN4KKtTEziJzjzG79RpTdzN9WXkN2rtPOQD0f5bo9H2FlwMXstBNQ0FRnI3L43RL1mr2EtzEM1l4c3xAqMDI=
m+WlYOSqhELTyEjVvF8RKTdZmLMZXQ54vMDwWOABk2W0Il6ZxctEBg2cmgJBnDkDH51stPYlwOyh/W5yvBj2bk72+Vvgu3jEIjMwLQ==
vKYZFZwnagxmXFT6bVg0ZnD20hyvvSUOAZf6hAo5IzW2iNAq/joXZv7J/tdUWklmhLfsaE/LL/r3yxPNYqFGJJnUUtzVtx5eN0ZHUv/AfWEmMnw0LQQgMDg=
lKsfbdCCsJpiAQ0YKepEITQ1PjEMpILjLXYu3Zacfm9RPJt9y39jNBjC2u6gCUFd/KRxQlpYtakeFQmTfN4SE5gu/UOOCCiefpziWAkRJG0AJh4tMDc=
nShqXJjzphEa2VZwgcEcX5xO2XtHlGYTg7g4FhXG+Y+FEQZQGoOmgt1C3r+ikQJnOILtBiBPQPjTQ6t6c0OPXc7Z4sQ9jL5sqX/eGnOHeiLTGBlBwgoQJDEMJDA8
TF4ny0g4Z/woByZee9+mYykfg7d6/hliED4MWyvL4NAOT3mBjHjJ3trEDWZhzSvPnMIqD+gyxR9KVJADDgBaxOlNnLFw+iYxMCs=
TS7qr0r1z2yCGyQCHxO9iUR1gNAieg7OHl66783Al+lYYG7Iqu8QOOMju3pjo6wSGmNyRI3sTiz5n+oag64q4mO46cFS6kBkwSw0MCw=
o0mXQ41j/qIJd7+WcgABVwq3ylJzW8yP+XpCS58LXq6KvY4zi2OwKE53qelsUPnG2tw9ToGl+/fcOnqnSFo1h8nM4OuuqIq8KXXMWRDSFikwMw==
a3bFebQYYwW78TA4iYjAYDT2+FW7pmre2fVRTaACL1wk9CtgyLQv0xV5das5uqL0T3HURua8l8BCMFo=
qCVzO9zUkgrC0CSSacVUYIYgOMJxdxrhIlhu8h+NTGC+iXBoGUipRp0Q5k2WqhnPaNeIgNpPMFk=
Cvrd946xgyZGdZvQh9O4NTT2+FW7pmre2fVRTaACL1wk9CtgyLQv0x5/dao5uqL0T3HURua8l8BCMFo=
bUHAIDx4GX2QjF26rD9+uYYgOMJxdxrhIlhu8h+NTGC+iXBoGUOvRpwQ5k2WqhnPaNeIgNpPMFk=
mZxZl7TkiqmNuV1jusFXbkp6IHCJwnuDnwjZr54OohiqVzGtj5y1g4yclP+vcUNiOnERgNvAErJSj0twha1YVyMvNSYf7dY+mP/TKV7AR3SLdPtA2HS/c+t4RUmperKUn/Gkptb8Z2ASMAo=
FPlY+iGAid5XmyKyWZH0H0p6IHCJwnuDnwjZr54OohiqVzGtj5y1g4yclP+vcUNiOnERgNvAErJSj0twha1YVyMvNSYf7dY+nPbELl7AR3SLdPtA2HS/c+1/RUmperKUn/Gkptb8Z2ASMAo=
qm9rwzjale78DRnIpl2WbaEahWA/2hgMJl9CnmQPVTToihyVlRwzN3qeOpHsEc5reWyTutKNmdyWts+xp0VrBXYDqCudh2Ry+aJsUhYXSW5bXTLGBH9PUTpwg7xnVNdI3GSbqxa5+RDN6jYccxEI7pKMQ1gOMBY=
zIpy2cKmr80DkXq8nG27NqtGnZPKl7pngn48dnMr20hSiLcwEqsRktUGfomODr7yktnJlei3LlN0dFRIGSe3LC8P8+B9DfAHa2/91vfNzk6A/8vZRuAvBMO0M5Bw1MfjUvi92BEa2sRXMWyW/px/UAowEg==
ge0WEbJsKOfihJBc6e3pp9xD8Q/SQKNtuvtqf4q6G6ChtHhylT8Yemw0Y7BgFLdDjP7tOKFayiQHsZy2jlzvMDowIg==
8O1pxkafSOq+y4giTZ0BWQDSkbxnAxWg6GbiIBIGOTj3Vqd4pttWN07K/zgtNPTq8c9cslAUf7hkBJN7wD6hwMXKTqyb0WD+SmzLKDYwLg==
UXH9kHZlO1RQ5cN8+NYlCn40mtQ+kUwvSGtGfUr05vtSARoXy9zaiXa1QL9Y9+KR7mntDSMPfbHm6j4eVAWopivhPMu8FmKreLZtwwuAtQIeIxIQSdkUFSA+DiUwPw==
Ru9Zi2/AKRGnIjJyejrrFb2z5pxai8BtFnQv2kR/hEMCGeQ8mKJ7zyJYC72OzOpCDH5MJAAHabeW2NkRgmwrFQym+ErRt9N1WEZZOdQ9X6i/70zA9hYMaO4xkAApkSmOiWhG5eay2Ue47+hoahcwEQ==
YLuetSDngYcU/Rbc3Y++qb2z5pxai8FtFnQv2kR/hEMCGeQ8mKJ7zyJYC72OzOpCDH5MJAAHabeW2NkRgmwrFQym+ErRttN1WEZZOdQ9X6i/70zA9hYMaO4xkAApnyiOiWhG5eay2Ue47+hoahcwEQ==
gNfONHEn7a+7mYubcuK2zb2z5pxai8BtFnQv2kR/hEMCGeQ8mKJ7zyNYC72OzOobE2UvNBsWJ/WH1cMmk3c+Fljn2lyI9/9mWEZZOdQ9X6i/70zA9hYMaO4xkAApny+OiWhG5eay2Ue47+hoahcwEQ==
AAtdhvrCOUaLRCH1XDOCnb2z5pxai8FtFnQv2kR/hEMCGeQ8mKJ7zyNYC72OzOobE2UvNBsWJ/WH1cMmk3c+Fljm2lyI9/9mWEZZOdQ9X6i/70zA9hYMaO4xkAApkC6OiWhG5eay2Ue47+hoahcwEQ==
3/bD0gN+iiaLSOtPHpzNx5qu3oKfs13H0kJYr6pEnIjJhgp8W+EcllyK2ncIqlWXz9wOnm7/KgyphayJUOI2OTAj
0kRmbzAfjaifW97CRUbzjBtT9ahUO2vD/8Bx81jnAqGuuUU2sq4AYxroBARJCpLQ6y1Eejxmwns4ho3bD5DWMt5zsuDJafRFYM4uNTAv
k+Lf317gbzN40Et5cdgpgJxP2WdBjn0BuLUNDSWH0NvAQkkHAIWmhcMxhOaqu0QzMoykGmVeVv73BvVpOVSNR9re88Q9jL5sqX/aH3OAfyLUGBlBwgoQJDEMJDA8
VB9gJeQNp3zkuNI3mgEcaEpkJH2bwH6ZnVKJ9N5L+ULeDXr6+JK0lM/Zk/mlUQdpL3EEhZSQVbt4ghw30qtUQGIqA3JQ5uFqw6mPOBvfXHKVdPtA2HS/c+16RUOperKUn/Gkptb8Z2ASMAo=
X6u+FXe8GJnBIO0XR10pIVfu11NzW8uu+XpYS4xQXbPStbV132m+YVIyuP9qdLyYyZYqTJux/ObcOnqnSFo1hsrM4e6ur4q8KXXMWRDSFikwMw==
pTmRsn0kJyPmhrouElKPuVo47Mk0EPX7WIJ8dzIrNIBCKiOy8GYBqqOpb3h7X/wytXTbADj037MOeGWDCfoSVP/xROa2fMcgMjAq
pGOOb1daWhNncvazIT3viJ1P2WdBjn0BuLUNDSWH0NvAQkkHAIWmhcMxhOaqu0QzMoykGmVeVv73BvVpOVSNR9re88Q9jL5sqX/YGHOPfyLUGBlBwgoQJDEMJDA8
jZNnhnw9l3Z/ZBaAqSH5gkpkJH2bwH6ZnVKJ9N5L+ULfDXr6+JK0lM/Zk/mlUQdpL3EEhZSQVbt4ghw30qtUQGIqA3JQ5uFqw6mPOBvfXHKVdPtA2HS/c+5/RUOperKUn/Gkptb8Z2ASMAo=
u6K8evR6O4Nq5EEr1GQ7q1fu11NzW8uu+XpYS4xQXbPStbV132m+YVIyuP9qdLyYyZYqTJux/ObcOnqnSFo1hc/M4e6ur4q8KXXMWRDSFikwMw==
OLRbHDrkrFP2YZLqK1jWwFo47Mk0EPX7WIJ8dzIrNIBCKiOy8GYBqqOpb3h7X/wytXTbADj037MKeWWLCPoSVP/xROa2fMcgMjAq
a2uMCdDnwHPbA140AtJ5IJxP2WdBjn0BuLUNDSWH0NvAQkkHAIWmhcMxhOaqu0QzMoykGmVeVv73BvVpOVSNR9re88Q9jL5sqX/cGXOHfiLUGBlBwgoQJDEMJDA8
pK84KgCYoZY5tmPsQ6084Fo47Mk0EPX7WIJ8dzIrNIBCKiOy8GYBqqOpb3h7X/wytXTbADj037MMeGWLCPoSVP/xROa2fMcgMjAq
r/Ixgbp3KNFaKTmPILpqg51P2WdBjn0BuLUNDSWH0NvAQkkHAIWmhcMxhOaqu0QzMoykGmVeVv73BvVpOVSNR9re88Q9jL5sqX/aGHOHfiLUGBlBwgoQJDEMJDA8
oZoSU4Jylm4FRl8G2yPm90UPaoSTiveYaPZbYkGr2lQhV5d6dm6k5TmibZoY1AdozKQLC0i4KXNcKiZ8I5G4jqJM8zg+MCY=
xmqNcoQE7vSgikq/BLEvG6qYthMVMY6JxnQuidu6wmPmTMOthIZHWlVLroydB3sS4u4wDVVy0cLstBNQ0FRnI3z43RvwmrqEtzEM1l4c3xAqMDI=
FLwlLflDRdFcauDArBw1tb2qs8/aSaD507cDAqNCPRVcyrmBtTt3IzCl9fKIwH3EkEHUKxLC1K7z51ZKa0YU8Y7hzyrWRFxnXKoaF4gKFX/IvMk/7h9qLKnlbCnQAnYZMAM=
Oe6TUd6jMPBojRjNpaDh3cAnM7rCZ5diCgLryRs+VWJRct3g1jZH/DY5I/66yax7PkrRNMYmetxdqoPenRIpQdvBf0A20/yons86VJ0M4Dd1NP4M23vsMGf7Hn3W1kAQWfGS7qNpJnR2/K/cETrU4zThV2vm/eTolmd7SHc+nK4LeTLq7fheZBGkKry9p0bab1bq8sDw9aEu4uTUxfTYMMA=
ZeEJP0a/dej1br6SK3hcP9G70I+EsA6KxURPr7Y22NeMyQs5SvgaglyK2ncIqlWXytwAn27/KgyphayJUOI2OTAj
n+ondSfLRRW4SITJD25s9zT2+FW7pmre2fVRTaACL1wk9CtgyLQv0xx6daI4uqL0T3HURua8l8BCMFo=
/DNKcsy0qvVXWQGfztMSZoYgOMJxdxrhIlhu8h+NTGC+iXBoGUGqRpQR5k2WqhnPaNeIgNpPMFk=
+JwjPe9+q00fHY1JyITdCdwQhTciQTjkAUQa/O2Htd7fNroyMFDlIR4CNJS11EgwUA==
mQiuU/zBKzPbYYjnGTlOPjT2+FW7pmre2fVRTaACL1wk9CtgyLQv0x9+daI4uqL0T3HURua8l8BCMFo=
Ro9kpFB6UwmOWXleNQahBoYgOMJxdxrhIlhu8h+NTGC+iXBoGUKuRpQR5k2WqhnPaNeIgNpPMFk=
vLQJLTYN2ComdL5Zim9FLO3Gqw31jDM+uon+BXMQWs7wtWUvJQdpky/bDlCkP+wtk6yVAxsnDAn68zVKXpu4hRL0S6BoNI+T/n5VYlg6wjRvcTQGBjw3ACIwOg==
6Vvtid1TEOMZXBPZDyhneci/MAxwmZ2oNBJexavzaz+nzwE7IEyqB+Ixndy7H3Uf4lW0M3sWsCPWGbyExTzmjAEPUJ77PpaCjOihARraaATZHCwwNA==
