Y2e3BKsTnImoYeXuZr1QInLt00Ti+WJLfNiqnyd8KDTi695p8zoCfd26qohaVElYhL3sclDta739xwDRYr1WJJnUUtzVtxhbN0dHUv3AfWEmMnw0LQQgMDg=
xCo1mv2KD4oLo9gsLA62S9/4242Yog+Y1FQMv6lj2N23iAxpRuYQl1yK2ncIqlWWytwBmm76KgyphayJUOI2OTAj
7VMsqOEGTOsJNki+xLQ8efaEJ1eNrSoBhh6IHc/VDwesVF1eWt65kPkuSkoYFZvhkQm2gJ9cU/lIlmdcdNDki7mXkHk3LESdVtL4E/xOskPY3t0yivgJ7r5OQsiJgUQ9wBZ+HTAH
uJK0lVrTmr5qjmmBeXd9GDHe5PvT78cgcdnVP5ldSWWkHx8aHX/Ntemwg0BOVRSlRuRRb28l1JRBTSVcOzqu3ahyWBdPYmB6teI6BHXcVswx70Oa6x/jwnlI0YGKejjECXwcMAQ=
v7UGD3mvHxMBYMZ0Y7mBPDHe5PvT78cgcdnVP5ldSWW/Hx8aHX/Ntemwg0BOVRSlRuRRb28l1JRBTSVcOzqu3ahyWBdPYmB6teI6BHXcVswx70Oa6x/jwnlI0YGKejjECXwcMAQ=
SjX2ZoWNIWgPA01V+mDfZiqQgr5PBvfyhwt4H2+KivtkhGg5PImwchiHk4Jk0C21+J48s6qBGOQhhLp8TUeU2r/337JVkIUhfsJUFNUUKDAw
JNjU29Jvx89H17M1W53fg4x+EXJLiN8bM/bUqf/9j2PZYIf81obZmZsQLwhEYd0fMoDgutoLNkSDzcK7MIHmLGFt3cKtsNg/QaMA3DgcECQui0UDKFb9pVO66rtWIUloWNKew5kbW09rPIR5TLFo2uorIwp6f7S80ObtCFoTLuwxrbuXvFbi63j27YMKQDnGHuaS0EkZlNUg/o7lMP8=
exAvTSWNh1NUhaDTl2BsDQ+ewy7QctQXm2e4PG6j4S089FFSWkiV6tFhsyP8LnKjWH4dW4oYSU4+LgIoiaGEnUD2Pj0wJw==
UsgOW6xFhS1jRW+/WMreeg6ewy7QctQXm2e4PG6j4S089FFSWkiV6tFhsyP8LnKjWH4dW4oYSU4+LgIoiaGEnUD2Pj0wJw==
lfPRvlFemneAjjBIwuhLiCkFhbdm5hhiED4MWyvL4NAOT3mBjHjJ3trEDWZhzSvPnMIqD+gyxRdKVJECDgJaxOlNnLFw+iYxMCs=
0JhJ2tv+i/Kfr57Wy8aV/1qx+kifPJNZyHanPHTwpCs591BZNwyE/dZyuDP8LnKjWH4dW4oYSU4+LgIoiaGEnUD2Pj0wJw==
OoDw4bfiMpgyNZodsjvP/Fqx+kifPJNZyHKlMnTwpCs591BZNwyE/dZyuDP8LnKjWH4dW4oYSU4+LgIoiaGEnUD2Pj0wJw==
hUDA9HnFe5r3a+50+ZrtdZdW/wLJQ/Agt/t9Y47JX////zl11i4dZHk0Y7BgFLdDjPrtM6VazyQHsZy2jlzvMDowIg==
S1ECZfXtDO/9HcsZFWw/Xyppy9cvmVEZQ08tZlrmybgZBhoS2M3LiTHhBvgfpOOR6H63BDQINKPZv2BBNxS0tTb6KMu8FmKreLZtzgqAuAYeJhIQSdkUFSA+DiUwPw==
eWUkXWJeartQMs2Br+0IPA+ewy7QctQXm2e4PG6j4S089FFSWkiV6tFhsyP8LnKjWH4dV4kYSE4+LgIoiaGEnUD2Pj0wJw==
6vVW72ZQtNFFHzO3vp7PHEUC6JhyLyGLFUX3/77i0qdIYl2GsO8QOOMju3pjo78dHnlyRI3sTiz5n+4Zg64r4mG46cFS6kBkwSw0MCw=
R9XJghr1XfU9JaZDTzL2xSNitoJpaTTbusFs6x++J5+4qgpW4PERdRzMQVpaQIXB/j1Zazxmwns4ho3fCZDYNt52suDJafRFYM4uNTAv
uTKC+XpUbdqcAbvUVM7o6n/h9tRAEGnI1j0HgPddLx97VSPJ3Mb+JV2/1IqFGBqe+QjJb7c5DEiukRCgab4orsTMxkCmktln+E9oyCo3MDE=
SmEJx7RflzngiTofZWI+UA7y391fPAqHzWkXgPddLx97VSPJ3Mb+JV2/1IqFGBqe+QjJb7c5DEiukRCgab4orsTMxkCmktln+E9oyCo3MDE=
2oarOwZCHlZs15JYwoLeEA6ewy7QctQXm2e4PG6j4S089FFSWkiV6tFhsyP8LnKjWH4dVI4YSE4+LgIoiaGEnUD2Pj0wJw==
CnZNXp/p+AkIv1cd0S2vKkQC6JhyLyGLFUX3/r7i0qdIYl2GsO8QOOMju3pjo78dHnlyRI3sTiz5n+0eg64r4mG46cFS6kBkwSw0MCw=
9bcnsU73PcM996w7QZYfNyNitoJpaTTbusFs6x+/J5+4qgpW4PERdRzMQVpaQIXB/j1Zazxmwns4ho3cDpDYNt52suDJafRFYM4uNTAv
qgxlPl4uruRSg1hEaR8Q3X/h9tRAEGnI1j0GgPddLx97VSPJ3Mb+JV2/1IqFGBqe+QjJb7c5DEiukRCgab4rrs3NxkCmktln+E9oyCo3MDE=
X3Le8o9KnSA7uUswnKl2PQ/y391fPAqHzWkXgPddLx97VSPJ3Mb+JV2/1IqFGBqe+QjJb7c5DEiukRCgab8rrs3NxkCmktln+E9oyCo3MDE=
uCaGai84e/fX5bRSeqV9VV9Cv01iAH6F0ia31j4ss6NK3zlRnU+u0oM7Ck5qha//16KvhFdbKz8rgDcVXqiEHALq3IWvqJSMkX+Qfx92QzV0loJEPIYCG7hmTbMJcJFXXpbygMlJtOXgbm4VMA8=
GxYvQH6e4a0jClhmoxYeb19Cv01iAHmF0ia31j4ss6NK3zlRnU+u0oM7Ck5qha//16KvhFdbKz8rgDcVXqiEHQLq3IWvqJSMkX+Qfx92QzV0loJEPIYCG7hmTbMIcJFXXpbygMlJtOXgbm4VMA8=
cMMPJuNTFc6bU0cpg+C0LMXqi1IY53vNPci9B90891AEIBBnFH3c54d8p9xYFtfEow13LVeCHUR63t68+TIfThGarcFfSfPQqktYSDq3hqTRRCT3MXwyPKdDCBAD4wJt2t5EEF35nv6/cUJUksTT7N1ykCPwqRubWoVACDL/59j7thguj/G+enFg+gS1XJbMcW8En6uRosI5yJGByvr4xMn83DDE
DNTSulT/kYrOPgt7Uxdpq9G70I+EsA6KxURPr7Y22NeMyQs5SvgaglyK2ncIqlWRz9wPm276KgyphayJUOI2OTAj
rx2NnjVyItY6mKF6lzeXJjT2+FW7pmre2fVRTaACL1wk9CtgyLQv0xp/da08uqf0T3HURua8l8BCMFo=
QGBWRSCcrZSSAhnGiQAtjoYgOMJxdxrhIlhu8h+NTGC+iXBoGUevRpsV5kiWqhnPaNeIgNpPMFk=
