e8u76KmfPGAgTuXcZYPOlXLt00Ti+WJLfNiqnyd8KDTi695p8zoCfd26qohaVElYhL3sclDta739xwDRYr1WJJnUUtzVtx5fN0lHUvzAfWEmMnw0LQQgMDg=
PElTzSClMovGa4uxcdxYld/4242Yog+Y1FQMv6lj2N23iAxpRuYQl1yK2ncIqlWSz9wPmm77KgyphayJUOI2OTAj
c5SBB/9lNdjEAtbji7P3uox+EXJLiN8bM/bUqf/9j2PZYIf81obZmZsQLwhEYd0fQYDgutoLRUSDzcK7MIHmLGEe3cKtsNg/QaMA3DgcECQui0UDKFb91lO66rtWIUloWNKew5kbW09rPIQKTLFo2uorI3l6f7S80ObtCFoTLuwxrbuXvFbi63j27Y4PQDfGHueS0EkZlNUg/o7lMP8=
yQXzgtp5ezS9rAYszoQbDQ+ewy7QctQXm2e4PG6j4S089FFSWkiV6tFhsyP8LnKjWH4dVo8YR04+LwIoiaGEnUD2Pj0wJw==
KXZSbyxXPXPOFS5yMX4wJg6ewy7QctQXm2e4PG6j4S089FFSWkiV6tFhsyP8LnKjWH4dVo8YR04+LwIoiaGEnUD2Pj0wJw==
0IbwCONG/Z+4/IcG3Rf15CkFhbdm5hhiED4MWyvL4NAOT3mBjHjJ3trEDWZhzSvPnMIqD+gyxRpPVJ8CDgNaxOlNnLFw+iYxMCs=
lfzu9UY2Aj26uapO+NAlUFqx+kifPJNZyHanPHTwpCs591BZNwyE/dZyuDP8LnKjWH4dVo8YR04+LwIoiaGEnUD2Pj0wJw==
/GcbSJ+5K0z/2Nk1KIRCD1qx+kifPJNZyHKlMnTwpCs591BZNwyE/dZyuDP8LnKjWH4dVo8YR04+LwIoiaGEnUD2Pj0wJw==
nhCjdlVn4cjnzXPbYRjX+ZdW/wLJQ/Agt/t9Y47JX////zl11i4dZHk0Y7BgFLdDgf/tPaVaziQHsZy2jlzvMDowIg==
hW+wE0OSUClTN14TlAB91jT2+FW7pmre2fVRTaACL1wk9CtgyLQv0xl/da09uqb0T3HURua8l8BCMFo=
zuAPdUXWh0fEDQcXqmak34YgOMJxdxrhIlhu8h+NTGC+iXBoGUSvRpsU5kmWqhnPaNeIgNpPMFk=
icPwlp0dMrvGIMaKEmDhKvaEJ1eNrSoBhh6IHc/VDwesVF1eWt65kPkuSkoYFZvhkQm2gJ9cU/lIlmdcdNDki7mXkHk3LESdVtL4E/xOskPY3t02j/gH7r5PQsiJgUQ9wBZ+HTAH
s9HCn2w1UOjK1a7Hlg01TDHe5PvT78cgcdnVP5ldSWWkHx8aHX/Ntemwg0BOVRSlRuRRb28l1JRBTSVcOzqu3ahyWBdPYmB6teI6BHXcVswx70ef6xHjwnhI0YGKejjECXwcMAQ=
z+/tLmwfNxnmiurhgfqWzzHe5PvT78cgcdnVP5ldSWW/Hx8aHX/Ntemwg0BOVRSlRuRRb28l1JRBTSVcOzqu3ahyWBdPYmB6teI6BHXcVswx70ef6xHjwnhI0YGKejjECXwcMAQ=
bbvNnoyxjV1lkRnnJvJtXCqQgr5PBvfyhwt4H2+KivtkhGg5PImwchiHk4Jk0C21+J48s6qBGOQhhLp8TUeQ37/537JUkIUhfsJUFNUUKDAw
xVaAZhPEQlN+87UWBiY6HdwQhTciQTjkAUQa/O2Ht9jfOL8yNFDlIR4CNJS11EgwUA==
Xtv7BQx1KdEr9IA9E3SlmDT2+FW7pmre2fVRTaACL1wk9CtgyLQv0x14daw9uqb0T3HURua8l8BCMFo=
oPfdDeSTg0PX2Kz94vyyu4YgOMJxdxrhIlhu8h+NTGC+iXBoGUCoRpoU5kmWqhnPaNeIgNpPMFk=
3ii4+AsTbe7gpm4tZvdgxO3Gqw31jDM+uon+BXMQWs7wtWUvJQdpky/bDlCkP+wtk6yVAxsnDAn68zVKXpu4hRL0S6BoNI+T/XhVbF06xjRvcTQGBjw3ACIwOg==
IgZHQgdCWKgsU/9zuGLSvci/MAxwmZ2oNBJexavzaz+nzwE7IEyqB+Ixndy7H3Uf4lW0M3sWsCPWGbyExTzmjAEPU5j7MJOCiOihARraaATZHCwwNA==
