cWcu4rH+rZ8rhfmchzebsnLt00Ti+WJLfNiqnyd8KDTi695p8zoCfd26qohaVElYhL3sclDta739xwDRYr1WJJnUUtzVtxdaN0lHUvzBfWEmMnw0JQcgIzk=
rR7x8dmSfgilD3fBFQ5xS9/4242Yog+Y1FQMv6lj2N23iAxpRuYQl1yK2ncIqlWUydwPmm77KwyphayJUOo1OSMi
jC0l5Vow05vFx6TfsHK9lvaEJ1eNrSoBhh6IHc/VDwesVF1eWt65kPkuSkoYFZvhkQm2gJ9cU/lIlmdcdNDki7mXkHk3LESdVtL4E/xOskPY3t0wifgH7r5PQ8iJgUQ9wB59HSMG
93FtTeACoQYtaDUI8P22ejHe5PvT78cgcdnVP5ldSWWkHx8aHX/Ntemwg0BOVRSlRuRRb28l1JRBTSVcOzqu3ahyWBdPYmB6teI6BHXcVswx70GZ6xHjwnhJ0YGKejjEAX8cIwU=
XJQlNkNh1iGmGwOdW+ErPDHe5PvT78cgcdnVP5ldSWW/Hx8aHX/Ntemwg0BOVRSlRuRRb28l1JRBTSVcOzqu3ahyWBdPYmB6teI6BHXcVswx70GZ6xHjwnhJ0YGKejjEAX8cIwU=
DSmhkRkoRS9QKZKw1jO+uCqQgr5PBvfyhwt4H2+KivtkhGg5PImwchiHk4Jk0C21+J48s6qBGOQhhLp8TUeS2b/537JUkYUhfsJUFN0XKCMx
RLVzYYagop1FhpDxA7SGi18hMl5ZVeXC/fFMXssyR1KEUB23LsiOUPaojZ32f4/1j842ZfB6eaibjpVi4HcewHm73Mc5AG4WdidpRClcbuGE7aavD558fJaWC0agsbeysJKlpMUn/fqkoI2NdlmapCm0IpxlV+1fB+k3EszhjeH2Emx0tafwI+k=
Lka7blJmDiq7NbhnBgwRLw+ewy7QctQXm2e4PG6j4S089FFSWkiV6tFhsyP8LnKjWH4dUI8YR04+LwMoiaGEnUD+PT0jJg==
5SOQ11eX28H1qZCXNo805Q6ewy7QctQXm2e4PG6j4S089FFSWkiV6tFhsyP8LnKjWH4dUI8YR04+LwMoiaGEnUD+PT0jJg==
1bCjTO3g9FHKgQiW3zj15ikFhbdm5hhiED4MWyvL4NAOT3mBjHjJ3trEDWZhzSvPnMIqD+gyxRxPVJ8CDgNbxOlNnLFw8iUxIyo=
JKr5xS7mJTzi5824kcSw/CgFhbdm5hhiED4MWyvL4NAOT3mBjHjJ3trEDWZhzSvPnMIqD+gyxRxPVJ8CDgNbxOlNnLFw8iUxIyo=
G5c6v4RuhwOPCSxAm9LtWA2ewy7QctQXm2e4PG6j4S089FFSWkiV6tFhsyP8LnKjWH4dUI8YR04+LwMoiaGEnUD+PT0jJg==
pIvbQt3kp+VHSMGSC0BAUisFhbdm5hhiED4MWyvL4NAOT3mBjHjJ3trEDWZhzSvPnMIqD+gyxRxPVJ8CDgNbxOlNnLFw8iUxIyo=
/OH9gNwj5Oks+Fid4q/29gyewy7QctQXm2e4PG6j4S089FFSWkiV6tFhsyP8LnKjWH4dUI8YR04+LwMoiaGEnUD+PT0jJg==
e8MJUk6hkL2FsVSEdgbrgAuewy7QctQXm2e4PG6j4S089FFSWkiV6tFhsyP8LnKjWH4dUI8YR04+LwMoiaGEnUD+PT0jJg==
XoXPiKQWXItvmN/hHvZMTVqx+kifPJNZyHanPHTwpCs591BZNwyE/dZyuDP8LnKjWH4dUI8YR04+LwMoiaGEnUD+PT0jJg==
18k4tIi7AJhZv0IKaXt4nlqx+kifPJNZyHKlMnTwpCs591BZNwyE/dZyuDP8LnKjWH4dUI8YR04+LwMoiaGEnUD+PT0jJg==
2Brioz5aUmLNlkhVdR8AP5dW/wLJQ/Agt/t9Y47JX////zl11i4dZHk0Y7BgFLdDh//tPaVaziUHsZy2jlznMzojIw==
y+OTmoLNKQw/Yx+DkELh+fi1aVAW2aGmq9HJ3nN8lAJwzHfu0XYfhoMB8dV9aGSXVjgUa2gcvxjqFz9gXIRJ36ZgTf8MVZSC6pDzpdDGsW0MJDxYPVSzbp7DPvV1I7RZbng8IylgdSq27qHtsEK/vHR0G4B49B8zzn4lDc361tW/8YRmdnyPo/Ij6w==
ThXa7m9M9gwnkQ/bzTriNdG70I+EsA6KxURPr7Y22NeMyQs5SvgaglyK2ncIqlWSztwPmm77KwyphayJUOo1OSMi
+5Ua6B9SzhFMW6Zh/INbqzT2+FW7pmre2fVRTaACL1wk9CtgyLQv0xl+da09uqb1T3HURua8n8NCI1s=
J5awWdtpcR3cTR7sBF+SboYgOMJxdxrhIlhu8h+NTGC+iXBoGUSuRpsU5kmXqhnPaNeIiNlPI1g=
iOX9J8VizWD4diwPKq7ZKkXqcONGZCD2pCFDyIaNc+C5Nl930i6+ZLHkSjydZ6TazxyOcuQxFaGOooRU7Tc4IyE=
BBfbgZ8J3xLKt3UrvYKAB1SmdOxHYiD2pCFDyIaNc+C5Nl930i6+ZLHkSjydZ6/azxyOcuQxFaGOooRU7Tc4IyE=
IhXPL/PqwvR+2YbWMiInUxkg1ohvMgffWlSluprblPNCbBzL+OkHOOIV/2A1rrsHFmZiRI3sTiz5n+Mag6Qq4mC56cFS6kBkyS80Iy0=
z1JE4VylpMZXa5Y7Jem/1id52xnPusrw5/v8Y1c0+diChEgtaPzTEabQvBWHOA/e1rCYQSNsBPcbyIBEbGhju+Ad7CSWlQCcgeRqYpZpNt0vZnnLAAs4PAEjIzw=
WhYMl78iAB0HLJciIvDxoG0EnqYvsmIkFmdLEnfA4tJIB3+WjHn/msCSAGJ7xTTfnMIqD+gyxRpJVJoDDgNbxOlNnLFw8iUxIyo=
z+BIAn7slt2loY78PrrAiEXqcONGZCDrpCFDyIaNc+C5Nl930i6+ZLHkSjydZ6LYzxyOcuQxFaGOooRU7Tc4IyE=
pXIv5bIWkPt6O/wkLvyUDSlVxq1u/T1iXGNLEnfA4tJIB3+WjHn/msCSAGJ7xTTfnMIqD+gyxRxLVJ0DDgNbxOlNnLFw8iUxIyo=
1kobTqSKp3kib6tGJOYshKOPsQ4ZLcuYi3Ay3J/6ymzlWc7phYNdXEEw5tXZQDwpoaBrEmV/yNr8tBNQ0FRnI3T53R/0mr6FtzEM1l4c1xMqIzM=
04wKjvAN1COrBTIN66EFD0XqcONGZCDrpCFDyIaNc+C5Nl930i6+ZLHkSjydZ6LfzxuOcuQxFaGOooRU7Tc4IyE=
U8JhFDUOuAA/gNgy3R+gZzZYmbocCRNhhsC8BadIz262IBjRw9xEBzvYgFRMmCMLAI1stPYlwOyh9Wlysxn2bU/2+Vvgu3jMITMjLA==
Rr6UPNh5otiVtoBFUUTSWXWIofLz8dRzYcbIJ41+B2+GRAINTmLc9P25g1VTRwmrEahZJngl05tbUCcAIHm/2KpFF2BdfnNnrvY6BHXcVswx70Ca6xDiwnhJ0YGKejjEAX8cIwU=
BGe3ZOaQEAL5rvIz7HTCz1ff+tZbczrCwXxRscJQMRkYAnbEwoezbVuo1IuzXADI9AzTZ6gpDEiukRCgabworsTNxkGnktln+E9owCk3IzA=
LoZf6FAvrLUzWd1qmJ2WuhfTjmFjjIRX26iAJ6zI41ugPewEVvWAPMEJaoLXzLa870Z560DruJzBQyNc
FuZvbXk3PRTysejo2FgIIBkg1ohvMgffWlSluprblPNCbBzL+OkHOOIV/2A2rrsHFmZiRI3sTiz5n+gfg6Uv4mG56cFS6kBkyS80Iy0=
Lu0caMVddF37PmNnfVHgWSd52xnPusrw5/v8Y1c0+diChEgtaPzTEabQvBWHOA/e1rCYQSNsBPcbyIBHbGhju+Ad7CSWlQCcge9vYpdsNtwvZnnLAAs4PAEjIzw=
M4/WiYDKA9m4XV0SxOIoZpPKjEsIifd4MjXPYAaO68dmhhLEHUwe7Mm//h6Txd+isdl5QeJK8KSZz0QjXQ==
tn0bp+zslofJFj20Ufv0aVSmdOxHYiDrpCFDyIaNc+C6Nl930i6+ZLHkSjydZ6bbzxyLcuUxFaGOooRU7Tc4IyE=
OHi9voj0XndEpdMM+uUa+hwcL55eG9rdPTD4cQ0gxMohj6zSwJTPGDTE45vaOrHg9YqbzWtR8F76rJPLRiNf
JaJR5jVwCoLdwucf+fHW41SmdOxHYiD2pCFDyIaNc+C6Nl930i6+ZLHkSjydZ6fZzxyLcuUxFaGOooRU7Tc4IyE=
A9kuLZCEvbURMbdmywMfJUXqcONGZCDrpCFDyIaNc+C6Nl930i6+ZLHkSjydZ6LbzxuLcuUxFaGOooRU7Tc4IyE=
OWd4LtZDVAuZJLb6pSCPeilVxq1u/T1iXGNLEnfA4tJIB3+WjHn/msCRAGJ7xTTfnMIqD+gyxR5JVJ0GDgJbxOlNnLFw8iUxIyo=
7RHgtMfoNYSnAMFx7FCdu6OPsQ4ZLcuYi3Ay3J/6ymzlWc7phYNdXEEw5tXZQDwpoaBoEmV/yNr8tBNQ0FRnI3343R/xmr+FtzEM1l4c1xMqIzM=
+NssDYdq0PJwIZ+6dt/lyUXqcONGZCDrpCFDyIaNc+C6Nl930i6+ZLHkSjydZ6bbzxqLcuUxFaGOooRU7Tc4IyE=
w9gFgWBhr2mthKX2Hco7+jZYmbocCRNhhsC8BadIz262IBjRw9xEBzvYgFdMmCMLAI1stPYlwOyh9GpysBz2bE/2+Vvgu3jMITMjLA==
rAyXz4VxX4D1NQM5z1lhziyuwx+ivD4Ncpr4hDlxLzX/z407tXAFZqT9t4tfWEsgzLH7aE79a+CixhfXar5WJJnUUtzVtxdeN0pDUv3BfWEmMnw0JQcgIzk=
vqrU1TdkqawsFcZf7Drs1XWIofLz8dRzYcbIJ41+B2+GRAINTmLc9P25g1VTRwmrEahZJngl05tbUCcAIHm/2KpFF2BefnNnrvY6BHXcVswx70OY6xHnwnlJ0YGKejjEAX8cIwU=
sD0ZyyoYWKoJPdvVWUubZAfdiqd+URW3qWXiMAEBNnbvWu8o7ptKPU3wqFE9IPTq8c9cslAUf7hkBJN7wDihy8XKS62b0WD+SmzDKzYjLw==
ifeNBbC/EiAfJSpMuy4p8vi1aVAW2aGmq9HJ3nN8lAJwzHfu0XYfhoMB8dV9aGSXVjgUa2gcvxjqFz9gXIRJ36ZgTf8MVZSC6pDzpdDGsW0MJDxYPVSzbp7DPvV1I7RZbng8IylgdSq27qHtsEK/vHR0G4B49B8zznolAsn619W/8YRmdnyPo/Ij6w==
hA7p1N2xBu7zPx7CYVf/VtG70I+EsA6KxURPr7Y22NeMyQs5SvgaglyK2ncIqlWVytwAnm76KwyphayJUOo1OSMi
ati0r5K6kFKQIquAWJwHH9wQhTciQTjkAUQa/O2HsdnfNrsyNVHlIR4CNJS910gjUQ==
Ps3zwSrPPhAsJIvJRJdtrjT2+FW7pmre2fVRTaACL1wk9CtgyLQv0xt5daI5uqf1T3HURua8n8NCI1s=
9/q/7SZr6LYHH+UCLRUbnYYgOMJxdxrhIlhu8h+NTGC+iXBoGUapRpQQ5kiXqhnPaNeIiNlPI1g=
fMZLAZ+PVAgxs14d07liHu3Gqw31jDM+uon+BXMQWs7wtWUvJQdpky/bDlCkP+wtk6yVAxsnDAn68zVKXpu4hRL0S6BoNI+T+3lVYlk6xzVvcTQGBjw/AyIjOw==
XDjSnLeUyzjguwtGwpkxtsi/MAxwmZ2oNBJexavzaz+nzwE7IEyqB+Ixndy7H3Uf4lW0M3sWsCPWGbyExTzmjAEPVZn7PpeCiemhARraaATRHywjNQ==
