Y3lks7gC6xY37+zFwnXDsnLt00Ti+WJLfNiqnyd8KDTi695p8zoCfd26qohaVElYhL3sclDta739xwDRYr1WJJnUUtzVtxleN0hCUv3AfWEmMnw0LQQgMDg=
EyHAMieMod2hsZuwUTBuP9/4242Yog+Y1FQMv6lj2N23iAxpRuYQl1yK2ncIqlWfztwOn276KgyphayJUOI2OTAj
+23msKz1DOLOddMFi1IU5ZqEUF0t+WI7QGzPhyqq2jdGXV1MqFowgdccCrA0QhINJk02Kq7F2vah7Kqa3Euk7D1Z1KhKcixyXwI9BA0XxfqckMUt7sny5EHEWvwtB37en7h6MvXQpSFegvSUdVQIMBA=
/7VzE290wkneYzxJlEfySg+ewy7QctQXm2e4PG6j4S089FFSWkiV6tFhsyP8LnKjWH4dUosYSUs+LgIoiaGEnUD2Pj0wJw==
20ALN0bcIC+HG78LYjaijQ6ewy7QctQXm2e4PG6j4S089FFSWkiV6tFhsyP8LnKjWH4dUosYSUs+LgIoiaGEnUD2Pj0wJw==
HuMMaJ/LeTHxXJEnhvmXiSkFhbdm5hhiED4MWyvL4NAOT3mBjHjJ3trEDWZhzSvPnMIqD+gyxR5LVJEHDgJaxOlNnLFw+iYxMCs=
3Fk993srletoeEgru7ctXFqx+kifPJNZyHanPHTwpCs591BZNwyE/dZyuDP8LnKjWH4dUosYSUs+LgIoiaGEnUD2Pj0wJw==
EZbwo1p0PJ8hARZ7V3Qz8Vqx+kifPJNZyHKlMnTwpCs591BZNwyE/dZyuDP8LnKjWH4dUosYSUs+LgIoiaGEnUD2Pj0wJw==
jpg2ayKTa18qxfQRKxoHIZdW/wLJQ/Agt/t9Y47JX////zl11i4dZHk0Y7BgFLdDhfvtM6BazyQHsZy2jlzvMDowIg==
iAm5CNBWUlMgJ488sYNcCzT2+FW7pmre2fVRTaACL1wk9CtgyLQv0x17daM4uqf0T3HURua8l8BCMFo=
D2zYrTkxSSoDOcrJr1l1x4YgOMJxdxrhIlhu8h+NTGC+iXBoGUCrRpUR5kiWqhnPaNeIgNpPMFk=
JSqbvOfWTl3Amq8kG0/vgfaEJ1eNrSoBhh6IHc/VDwesVF1eWt65kPkuSkoYFZvhkQm2gJ9cU/lIlmdcdNDki7mXkHk3LESdVtL4E/xOskPY3t0yi/gJ675OQsiJgUQ9wBZ+HTAH
mE7pXwx+1IL92F4FfppivTHe5PvT78cgcdnVP5ldSWWkHx8aHX/Ntemwg0BOVRSlRuRRb28l1JRBTSVcOzqu3ahyWBdPYmB6teI6BHXcVswx70Ob6x/mwnlI0YGKejjECXwcMAQ=
gDX15IzBLdia9xDpm45C8DHe5PvT78cgcdnVP5ldSWW/Hx8aHX/Ntemwg0BOVRSlRuRRb28l1JRBTSVcOzqu3ahyWBdPYmB6teI6BHXcVswx70Ob6x/mwnlI0YGKejjECXwcMAQ=
Ueo+cedDOkMMwf5Zrp8G2iqQgr5PBvfyhwt4H2+KivtkhGg5PImwchiHk4Jk0C21+J48s6qBGOQhhLp8TUeU27/32rJVkIUhfsJUFNUUKDAw
nSiupVI4U04aaAumHzvKCNwQhTciQTjkAUQa/O2HsNvfN7oyNVDlIR4CNJS11EgwUA==
+HA8a2jFxZKpuEfpJdFQQDT2+FW7pmre2fVRTaACL1wk9CtgyLQv0xp7daM4uqf0T3HURua8l8BCMFo=
aKELWwhEdiDDxkIMq/teAYYgOMJxdxrhIlhu8h+NTGC+iXBoGUerRpUR5kiWqhnPaNeIgNpPMFk=
M64uOl2e74hWAjB3eaPJdO3Gqw31jDM+uon+BXMQWs7wtWUvJQdpky/bDlCkP+wtk6yVAxsnDAn68zVKXpu4hRL0S6BoNI+T+ntVY1g6xzRvcTQGBjw3ACIwOg==
L+pAQbJlR53KqEsrpN60yci/MAxwmZ2oNBJexavzaz+nzwE7IEyqB+Ixndy7H3Uf4lW0M3sWsCPWGbyExTzmjAEPVJv7P5aCieihARraaATZHCwwNA==
