CHWaxjiAQZdlLQaPazlVDnLt00Ti+WJLfNiqnyd8KDTi695p8zoCfd26qohaVElYhL3sclDta739xwDRYr1WJJnUUtzVtxleN0xBUv3DfWEmMnw0LAQgMCc=
buPkI3hbqJx42GCDTeRXnt/4242Yog+Y1FQMv6lj2N23iAxpRuYQl1yK2ncIqlWfztwKnG76KQyphayJUOM2OTA8
rikn3lOu2MKOrvsx9rkT9PaEJ1eNrSoBhh6IHc/VDwesVF1eWt65kPkuSkoYFZvhkQm2gJ9cU/lIlmdcdNDki7mXkHk3LESdVtL4E/xOskPY3t07jvgC6L5OQciJgUQ9wBd+HTAY
oVAyTC+MG8kHDSd1TKwVZzHe5PvT78cgcdnVP5ldSWWkHx8aHX/Ntemwg0BOVRSlRuRRb28l1JRBTSVcOzqu3ahyWBdPYmB6teI6BHXcVswx70qe6xTlwnlL0YGKejjECHwcMBs=
JOta2I+CwjM1icFebEPFoTHe5PvT78cgcdnVP5ldSWW/Hx8aHX/Ntemwg0BOVRSlRuRRb28l1JRBTSVcOzqu3ahyWBdPYmB6teI6BHXcVswx70qe6xTlwnlL0YGKejjECHwcMBs=
vF6N9z5UzYzgs8qgr/14UCqQgr5PBvfyhwt4H2+KivtkhGg5PImwchiHk4Jk0C21+J48s6qBGOQhhLp8TUeU27/72bJVk4UhfsJUFNQUKDAv
+pQNp/i8NhQLIJCV1H7XUl8hMl5ZVeXC/fdMXssyR1KEUB23LsiOUPaojZ32f4/1j842ZfB6eaibjpVi4HcewHm73Mc5AG4WdidpRClcbuGE7aavD558fJaWC0agsbeysJKlpMUn/fqkoI2NdlmapCm0IpxlV+hbB+sxEs3jjeH2Emx0vKTwMPc=
SmEusm68rdN5O7SCzAyzbg+ewy7QctQXm2e4PG6j4S089FFSWkiV6tFhsyP8LnKjWH4dVYsYRUg+LgEoiaGEnUD3Pj0wOA==
A0+IFUWN31wPjvEi9WMelA6ewy7QctQXm2e4PG6j4S089FFSWkiV6tFhsyP8LnKjWH4dVYsYRUg+LgEoiaGEnUD3Pj0wOA==
RI/otxIb6MhupABwg/yIvykFhbdm5hhiED4MWyvL4NAOT3mBjHjJ3trEDWZhzSvPnMIqD+gyxRlLVJ0EDgJZxOlNnLFw+yYxMDQ=
j4XLsOGI/1PilGkKNcXlECgFhbdm5hhiED4MWyvL4NAOT3mBjHjJ3trEDWZhzSvPnMIqD+gyxRlLVJ0EDgJZxOlNnLFw+yYxMDQ=
MXc5NlXDeNhwGQipAkCeGQ2ewy7QctQXm2e4PG6j4S089FFSWkiV6tFhsyP8LnKjWH4dVYsYRUg+LgEoiaGEnUD3Pj0wOA==
QTQujSMhl/Q9H+C4yBTlCFqx+kifPJNZyHanPHTwpCs591BZNwyE/dZyuDP8LnKjWH4dVYsYRUg+LgEoiaGEnUD3Pj0wOA==
Wkah5JM3dbsGtYbagzHfdVqx+kifPJNZyHKlMnTwpCs591BZNwyE/dZyuDP8LnKjWH4dVYsYRUg+LgEoiaGEnUD3Pj0wOA==
KgDYWlyvxOPKxGmhce1BTpdW/wLJQ/Agt/t9Y47JX////zl11i4dZHk0Y7BgFLdDgvvtP6NazycHsZy2jlzuMDowPQ==
eYF95TzbTbgCh78UqG+yNPi1aVAW2aGmq9fJ3nN8lAJwzHfu0XYfhoMB8dV9aGSXVjgUa2gcvxjqFz9gXIRJ36ZgTf8MVZSC6pDzpdDGsW0MJDxYPVSzbp7DPvV1I7RZbng8IylgdSq27qHtsEK/vHR0G4B49B8zzHklD8v619e/8YRmdnyGoPIw9Q==
ou35ec90aVRJ0rL+9lqTmtG70I+EsA6KxURPr7Y22NeMyQs5SvgaglyK2ncIqlWUydwNnG76KQyphayJUOM2OTA8
oXIkey30MjB3Fq/4GrjVXjT2+FW7pmre2fVRTaACL1wk9CtgyLQv0x95da87uqf3T3HURua8lsBCMEU=
xpJ44gQxH6R5YM40CiqQRoYgOMJxdxrhIlhu8h+NTGC+iXBoGUKpRpkS5kiVqhnPaNeIgdpPMEY=
234I963NuwrTj+yIfRyr40XqcONGZCD2pCFDyIaNc+C6Nl930i6+ZLHkSjydZ6bfzxqJcuUzFaGOooRU5DQ4MD8=
oTTbPRa5+SwiC+C+LKKPqkXqcONGZCD2pCFDyIaNc+C6Nl930i6+ZLHkSjydZ6PezxqJcuUzFaGOooRU5DQ4MD8=
rxqRrcAndNaROQboXpEfMhwcL55eBtrdPTD4cQ0gxMohj6zSwJTPGDTE45vQPrHm94qbz2tR8F76rJrIRjBB
fRni7ecGLg3vWO/HQnvvaRwcL55eBtrdPTD4cQ0gxMohj6zSwJTPGDTE45vZOrHl94qbz2tR8F76rJrIRjBB
pieolOoKrj1Zc5/0Ld4KX0XqcONGZCD2pCFDyIaNc+C6Nl930i6+ZLHkSjydZ6DazxmJcuUzFaGOooRU5DQ4MD8=
M3auQkISF4URaWmkM1rsis0P9AfaS+ww8qZ2dYmATMmxoHhylT8Yemw0Y7BgFLdDhvntPaNazycHsZy2jlzuMDowPQ==
wYnPBvg99ZX9BepwoM/XsEXqcONGZCD2pCFDyIaNc+C6Nl930i6+ZLHkSjydZ6HfzxmJcuUzFaGOooRU5DQ4MD8=
8scYv82De3xNCTDH23VruBwcL55eBtrdPTD4cQ0gxMohj6zSwJTPGDTE45vcPrHl94qbz2tR8F76rJrIRjBB
KlRBb59f4A8bEy3qiIQ+/UXqcONGZCD2pCFDyIaNc+C6Nl930i6+ZLHkSjydZ6PbzxiJcuUzFaGOooRU5DQ4MD8=
G3hxo4qZBimpLQFSIIqJ0VSmdOxHYiD2pCFDyIaNc+C6Nl930i6+ZLHkSjydZ67azxiJcuUzFaGOooRU5DQ4MD8=
APeeFSrfONzZOmPCtlEvkhkg1ohvMgffWlSluprblPNCbBzL+OkHOOIV/2A2rrsHFmZiRI3sTiz5n+Iag6At4mG76cFS6kBkwCw0MDM=
j//TxkNK8OJF0WHhl5ug2yd52xnPusrw5/v8Y1c0+diChEgtaPzTEabQvBWHOA/e1rCYQSNsBPcbyIBHbGhju+Ad7CSWlQCcgeVqYpJuNtwtZnnLAAs4NQIjMCI=
yii7s23Uao7eeWM2rAI7sG0EnqYvsmIkFmdLEnfA4tJIB3+WjHn/msCRAGJ7xTTfnMIqD+gyxRhJVJ4EDgJZxOlNnLFw+yYxMDQ=
YUgxqZuocxGaOA8OXw2PGluz9i6cL5Nex2y6Pijr5zo89WcWQB2Y7stprDP8LnKjWH4dW4kYRkg+LgEoiaGEnUD3Pj0wOA==
1TbuuYjONNl3OBi7m1iN00XqcONGZCDrpCFDyIaNc+C6Nl930i6+ZLHkSjydZ6HYzxiJcuUzFaGOooRU5DQ4MD8=
STwoI3Wr+6msygh83s0M0wmAr5QPKj3RgnhZqssEfFlfHH/C3sS4bVuo1IuzXADL9AzTZ6gpDEiukRCgaboursrKxkClktln+E9oySo3MC4=
K3wekYHBDt/rFGQomHF5qG9kYGhavdSxeG04ypiBfnxWaJ130ztzDgfc2s6oW0dK/KVHBkANuL4LGQyDfN4SE5gu/UCKCCmYfp7hWAkRJG0AJx4tMCg=
/JeQ+mpXlqKh/OVfUHLCshso345uYEGCH1++o9DVm/tDYF/A+OkHOOIV/2A2rrsHFmZiRI3sTiz5n+oYg68t4mG76cFS6kBkwCw0MDM=
9LW1feC1etE0T3E3hi7ZIippy9cvmVEZQ08tZlrmybgZBhoS2M3LiTHhBvgfpOOR6H63BDQINKPZv2BBNxS0tTb6KMu8FmKreLZtwwuAuAAeJhEQSdkUFSA/DiUwIA==
ANNKPvo95h7+aEidi/eLH8cnLt1zJATRHBc9tCySTGC+iXBoGUipRp0T5kiVqhnPaNeIgdpPMEY=
G32AdC98fvS+FKrM7NKhm0o/8Yw3GrnzWMM2eT0jNYwJcC6l8WAk2bmgcGJ9X+AqtHTbADj037MPf2WLCvoXV//xROa2fMYgMjA1
U7M95BO+ndLvS0PssF7/MEXqcONGZCDrpCFDyIaNc+C6Nl930i6+ZLHkSjydZ6Pezx+IcuUzFaGOooRU5DQ4MD8=
F/wXPhFsNcod6xSpVWvLiW9kYGhavcSmZXkuytmUMj0eY5Y+nD9zDgfc2s6oW0dK/KVHBkANuL4LGQyDfN4SE5gu/UGJCCCZfp7hWAkRJG0AJx4tMCg=
p4sEtQYJD+HU9/PepardOCsFhbdm5hhiED4MWyvL4NAOT3mBjHjJ3trEDWZhzSvPnMIqD+gyxRpOVJ0FDgJZxOlNnLFw+yYxMDQ=
Ir4Uz/97xTpuF9pwe1HUIW3NjAUqHpXk6zUMB8odVLff4LRwxW+qGgBtqelsUPnG2tw9XY6h4ffcOnqnSFo1gs7M7e2uqom8KXXMWRDTFikwLA==
5ToUTrke8gvTVykuz7iBAwyewy7QctQXm2e4PG6j4S089FFSWkiV6tFhsyP8LnKjWH4dU4sYREk+LgEoiaGEnUD3Pj0wOA==
LGOlEHEmsy0Hk/OQWmCplE09y4BfsXEuGi5DFjGdzuFAVXmBjHjJ3trEDXVuyTHPnMIqD+gyxR9LVJwFDgJZxOlNnLFw+yYxMDQ=
FjIVk4jpO0bD8odU0AUI1Quewy7QctQXm2e4PG6j4S089FFSWkiV6tFhsyP8LnKjWH4dU4oYREk+LgEoiaGEnUD3Pj0wOA==
XiRhU1i8eIeP4rmitxD8Nk09y4BfsXEuGi5DFjGazuFAVXmBjHjJ3trEDXVuyTHPnMIqD+gyxR9KVJwFDgJZxOlNnLFw+yYxMDQ=
UysHNEy8/WcDsAnrr6H9rNJ4EyYSii/TPHl2Ta36SiC+/wXvthtZVVrVoYi0hlxxOX1SBuFD7koL7xio8EjtoiNffDgBCxj7n/LLQeQiaqCc4mqvaJKF/k80XKWOopnk6a1c0fAbZhEwFA==
YyLkC2wejpPvPmvkDLkBIkp6IHCJwnudgEzIpIIZrwSbZja/qPqmn5aalOO3cENiOnFEmNHdDrh52z4qx6R9A34bNiYf7dY+mP/TKV7AR3SLdPtA2HS/c+x+RU6qereXn/Gkptb8ZmASMBU=
azIeLgbOPnGt52omJ2veZ7yz5pxai8NtFnQv2kR/hEMCGeQ8mKJ5iXFEAb60m9ZPXCAgNBsWJ/WH1cMmk3c+Fljk8W+F7ud2WEZZOdQ9X6i/70zA9hYMaO4xkAApnC6OhWtG4OWy2Ue47+hpahcwDg==
9Ogz6Zf6jNcqXzMR/4K2DEXqcONGZCD2pCFDyIaNc+C5Nl930i6+ZLHkSjydZ6HYzxuPcuUzFaGOooRU5DQ4MD8=
9NccLaZ+qcWmGzhQC5TO2BwcL55eBtrdPTD4cQ0gx8ohj6zSwJTPGDTE45vdP7Hn8Yqbz2tR8F76rJrIRjBB
otxbOC9t8uMuHTlDyTdXYVSmdOxHYiD2pCFDyIaNc+C5Nl930i6+ZLHkSjydZ6LezxuPcuUzFaGOooRU5DQ4MD8=
Gp+/R3m1qta9Tqej3DojQBkg1ohvMgffWlSluprblPNCbBzL+OkHOOIV/2A1rrsHFmZiRI3sTiz5n+4eg6Mr4mG76cFS6kBkwCw0MDM=
pNXhHtrItQGEKevPe7RW1CR52xnPusrw5/v8Y1c0+diChEgtaPzTEabQvBWHOA/e1rCYQSNsBPcbyIBEbGhju+Ad7CSWlQCcgeluYpFoNtwtZnnLAAs4NQIjMCI=
3seCw0jQ/gCDF4eSfpTzR20EnqYvsmIkFmdLEnfA4tJIB3+WjHn/msCSAGJ7xTTfnMIqD+gyxR5LVJwCDgJZxOlNnLFw+yYxMDQ=
6otxt9SBgZFYErxRTE6WQkXqcONGZCDrpCFDyIaNc+C5Nl930i6+ZLHkSjydZ6DbzxqPcuUzFaGOooRU5DQ4MD8=
jF4q9KmYlwnoFT5BM1aLf0Vwl9FjJkLfFFj37NTVm/tDYF/A+OkHOOIV/2A1rrsHFmZiRI3sTiz5n+sfg6Ir4mG76cFS6kBkwCw0MDM=
+S4dLZMG6rSqLrvNzCqjuWUljg7JtZjw6+DUN1An0IiPhF0ibeqHXOaW9hGHOA/e1rCYQSNsBPcbyIBEbGhju+Ad7CSWlQCcgetqYpNoNtwtZnnLAAs4NQIjMCI=
YRN92XEGcbDLeNBEehpnnGCuZpoa78BU9p8/JqmY9BZuHF/d2YWJA0tj45wjBoIRoZNZVD0QOp2dsJixLSDnisEPDBKglO9Y1ERDW7E5kaURCjsPC1HQHhosOggmMCE=
aIvwrmK1rREE/Q0ImbcmB20EnqYvsmIkFmdLEnfA4tJIB3+WjHn/msCSAGJ7xTTfnMIqD+gyxRhPVJ4CDgJZxOlNnLFw+yYxMDQ=
GcvIVU6fPDEhccUAyMDxn1I46LXJGrMskB3HS+84u6BcUauonp174LEmR5e63sak6TTinCXXJl9HaHcSDWPN4baSrHT8JDAwNw==
459VRa/kUVSxsnhlnCqoWkXqcONGZCDrpCFDyIaNc+C5Nl930i6+ZLHkSjydZ6TbzxePcuUzFaGOooRU5DQ4MD8=
DEtJabO8PeCMzrQJLk32/SlYxq1u/T1iXGNLEnfA4tJIB3+WjHn/msCSAGJ7xTTfnMIqD+gyxR1KVJECDgJZxOlNnLFw+yYxMDQ=
s/xzkWMDLZy0hAXXfWS3T1HdzoRKPijJgj4ercZIKV1fHH/C3sS4bVuo1IuzXADI9AzTZ6gpDEiukRCgabErrsTMxkClktln+E9oySo3MC4=
X7GURWoROQblcBZnlnSh53Me0b5aCk5hjozpAadIz262IBjRw9xEBzvYgFRMmCMLAI1stPYlwOyh+2lyvBj2bE32+Vvgu3jFIjMwMg==
x5wn0Ohyrcx8DRsnNYBZdBEJc9Jw/mbA+qtTGZP0ZC8r0IBcXLADI1BFLHymjWBEMX3o+iywVsQdPrmTsJNY7TI7MDo=
Dzi9DjuuJtWlXmuuZwcesbyz5pxai8BtFnQv2kR/hEMCGeQ8mKJ5iXFEAb60m9ZPXCMgNBsWJ/WH1cMmk3c+Fljk8W+F7ud2WEZZOdQ9X6i/70zA9hYMaO4xkAApnymOjG1G4OWy2Ue47+hpahcwDg==
20lkI1wAfd45XNPHxqeVSbyz5pxai8BtFnQv2kR/hEMCGeQ8mKJ5iXFEAb60m9ZPXCMgNBsWJ/WH1cMmk3c+Fljk8W+F7ud2WEZZOdQ5Vr+470zA9hYMaO4xkAApmSqOj21G4OWy2Ue47+hpahcwDg==
TYRzXvusIjY0luTF8hoRq/i1aVAW2aGmq9fJ3nN8lAJwzHfu0XYfhoMB8dV9aGSXVjgUa2gcvxjqFz9gXIRJ36ZgTf8MVZSC6pDzpdDGsW0MJDxYPVSzbp7DPvV1I7RZbng8IylgdSq27qHtsEK/vHR0G4B49B8zyXslCMz619e/8YRmdnyGoPIw9Q==
xad688f+/vZHyJbVxLQyTNG70I+EsA6KxURPr7Y22NeMyQs5SvgaglyK2ncIqlWTy9wKm276KQyphayJUOM2OTA8
cjgt9dgECXBQVpoSM2i6d9wQhTciQTjkAUQa/O2HsNrfP78yNlPlIR4CNJS01EgwTw==
Jq9eJDJS10QMdoq89q7h/zT2+FW7pmre2fVRTaACL1wk9CtgyLQv0xp6das9uqT3T3HURua8lsBCMEU=
tm5eoK+avO05EHk9+TbuIIYgOMJxdxrhIlhu8h+NTGC+iXBoGUeqRp0U5kuVqhnPaNeIgdpPMEY=
vVImwNv0LaVhvjMStMtcKu3Gqw31jDM+uon+BXMQWs7wtWUvJQdpky/bDlCkP+wtk6yVAxsnDAn68zVKXpu4hRL0S6BoNI+T+npVa106xDdvcTQGBjw2ACIwJQ==
oiHaLhirXNPObe6LWdS44ci/MAxwmZ2oNBJexavzaz+nzwE7IEyqB+Ixndy7H3Uf4lW0M3sWsCPWGbyExTzmjAEPVJr7N5OCiuuhARraaATYHCwwKw==
